date,url,code,time_total,time_connect,time_appconnect,time_starttransfer
2019-11-28 23:31:48,brack,200,10.446884,0.038222,0.073361,10.398317
2019-11-28 23:32:13,brack,200,9.565911,0.008402,0.043062,9.518062
2019-11-28 23:32:38,brack,200,9.498876,0.076316,0.119425,9.437710
2019-11-28 23:33:03,brack,200,8.577691,0.008192,0.050279,8.503679
2019-11-28 23:33:26,brack,200,9.575323,0.095639,0.168960,9.524991
2019-11-28 23:33:51,brack,200,10.641127,0.013975,0.049808,10.586288
2019-11-28 23:34:17,brack,200,9.646320,0.034952,0.075250,9.585149
2019-11-28 23:34:41,brack,200,10.489710,0.008736,0.042621,10.441419
2019-11-28 23:35:07,brack,200,10.527726,0.038718,0.085651,10.485882
2019-11-28 23:35:32,brack,200,9.461183,0.008650,0.045275,9.358094
2019-11-28 23:35:57,brack,200,9.597117,0.036539,0.074012,9.560322
2019-11-28 23:36:21,brack,200,10.383706,0.011599,0.043362,10.340429
2019-11-28 23:36:47,brack,200,8.708809,0.037881,0.075321,8.661590
2019-11-28 23:37:11,brack,200,8.516393,0.014503,0.049692,8.461604
2019-11-28 23:37:34,brack,200,8.619761,0.019706,0.056770,8.557435
2019-11-28 23:37:58,brack,200,10.426581,0.017981,0.057582,10.372764
2019-11-28 23:38:23,brack,200,9.450493,0.039143,0.079170,9.396281
2019-11-28 23:38:48,brack,200,8.442670,0.008534,0.046542,8.380025
2019-11-28 23:39:11,brack,200,10.668441,0.017803,0.061249,10.598513
2019-11-28 23:39:37,brack,200,9.407288,0.008134,0.043026,9.356802
2019-11-28 23:40:02,brack,200,8.446280,0.017747,0.055742,8.400241
2019-11-28 23:40:25,brack,200,9.641668,0.036170,0.087708,9.595746
2019-11-28 23:40:50,brack,200,10.450618,0.008480,0.040689,10.398096
2019-11-28 23:41:15,brack,200,10.416246,0.038215,0.090038,10.365143
2019-11-28 23:41:41,brack,200,10.605734,0.008204,0.044331,10.550458
2019-11-28 23:42:06,brack,200,8.468051,0.033540,0.064479,8.381697
2019-11-28 23:42:30,brack,200,9.493482,0.013644,0.052669,9.428228
2019-11-28 23:42:54,brack,200,10.552214,0.035835,0.074015,10.491446
2019-11-28 23:43:20,brack,200,8.644013,0.075798,0.108333,8.581211
2019-11-28 23:43:44,brack,200,10.578532,0.009805,0.042526,10.525893
2019-11-28 23:44:09,brack,200,9.700863,0.032218,0.062850,9.642424
2019-11-28 23:44:34,brack,200,10.485071,0.008446,0.040414,10.434279
2019-11-28 23:45:00,brack,200,9.397010,0.032928,0.065267,9.354193
2019-11-28 23:45:24,brack,200,9.525917,0.007863,0.039820,9.481179
2019-11-28 23:45:49,brack,200,9.501823,0.035642,0.074830,9.448259
2019-11-28 23:46:13,brack,200,10.568060,0.012724,0.043575,10.521011
2019-11-28 23:46:39,brack,200,8.437635,0.033949,0.067567,8.385179
2019-11-28 23:47:02,brack,200,9.397676,0.012385,0.057863,9.345194
2019-11-28 23:47:27,brack,200,9.659941,0.020557,0.052605,9.613116
2019-11-28 23:47:51,brack,200,10.412485,0.038596,0.069095,10.366473
2019-11-28 23:48:17,brack,200,8.403935,0.014479,0.056080,8.360707
2019-11-28 23:48:40,brack,200,8.578336,0.035805,0.062134,8.527846
2019-11-28 23:49:04,brack,200,10.419609,0.009732,0.045720,10.360226
2019-11-28 23:49:29,brack,200,8.463276,0.021531,0.083076,8.406672
2019-11-28 23:49:53,brack,200,10.521877,0.049041,0.083861,10.460779
2019-11-28 23:50:18,brack,200,9.524959,0.013842,0.050722,9.469857
2019-11-28 23:50:43,brack,200,9.461701,0.043381,0.078922,9.411550
2019-11-28 23:51:07,brack,200,9.724674,0.010534,0.057799,9.683881
2019-11-28 23:51:32,brack,200,9.536265,0.034962,0.083714,9.466323
2019-11-28 23:51:57,brack,200,8.425322,0.010396,0.051778,8.375484
2019-11-28 23:52:20,brack,200,9.618840,0.034733,0.072379,9.570641
2019-11-28 23:52:45,brack,200,9.485446,0.010790,0.039797,9.424173
2019-11-28 23:53:09,brack,200,8.524904,0.038705,0.074626,8.478483
2019-11-28 23:53:33,brack,200,9.454017,0.012818,0.039878,9.402137
2019-11-28 23:53:58,brack,200,9.579227,0.018073,0.050615,9.533923
2019-11-28 23:54:22,brack,200,8.504382,0.018308,0.046886,8.445013
2019-11-28 23:54:46,brack,200,8.629360,0.035676,0.063593,8.584639
2019-11-28 23:55:09,brack,200,9.401408,0.008624,0.037569,9.348947
2019-11-28 23:55:34,brack,200,9.421473,0.040206,0.073433,9.376635
2019-11-28 23:55:58,brack,200,10.681797,0.010255,0.056806,10.622737
2019-11-28 23:56:24,brack,200,8.443495,0.041912,0.081237,8.395530
2019-11-28 23:56:48,brack,200,10.509985,0.011988,0.047664,10.451102
2019-11-28 23:57:13,brack,200,8.426855,0.036302,0.080518,8.380982
2019-11-28 23:57:37,brack,200,10.618714,0.008092,0.047608,10.551089
2019-11-28 23:58:02,brack,200,23.755674,0.018565,0.094215,23.530128
2019-11-28 23:58:41,brack,200,8.687563,0.261688,0.305709,8.638263
2019-11-28 23:59:05,brack,200,8.624601,0.034855,0.073106,8.544484
2019-11-28 23:59:29,brack,200,9.515755,0.009624,0.067486,9.474445
2019-11-28 23:59:53,brack,200,10.588077,0.035642,0.071124,10.448890
2019-11-29 00:00:19,brack,200,8.895335,0.008680,0.060482,8.836161
2019-11-29 00:00:43,brack,200,9.583589,0.067957,0.098609,9.449283
2019-11-29 00:01:07,brack,200,35.819086,0.058480,0.105366,35.299899
2019-11-29 00:01:58,brack,200,10.604627,0.035680,0.076682,10.546300
2019-11-29 00:02:24,brack,200,11.596615,0.016431,0.056364,11.549328
2019-11-29 00:02:51,brack,200,37.128460,0.018237,0.055438,36.608952
2019-11-29 00:03:43,brack,200,33.258266,0.075206,0.125717,32.729852
2019-11-29 00:04:31,brack,200,10.401757,0.019225,0.058127,10.326510
2019-11-29 00:04:56,brack,200,33.520488,0.020286,0.054028,33.170004
2019-11-29 00:05:45,brack,200,40.451071,0.017945,0.056705,40.030129
2019-11-29 00:06:41,brack,200,47.341379,0.016779,0.056244,46.758886
2019-11-29 00:07:43,brack,200,98.976629,0.034050,0.082708,98.715644
2019-11-29 00:09:37,brack,200,44.937400,0.035933,0.078015,44.549060
2019-11-29 00:10:37,brack,200,26.837365,0.034867,0.066372,26.624682
2019-11-29 00:11:19,brack,200,31.429030,0.018616,0.054429,31.033779
2019-11-29 00:12:05,brack,200,48.073435,0.016376,0.056235,47.857733
2019-11-29 00:13:08,brack,200,30.548483,0.020105,0.082531,30.189617
2019-11-29 00:13:54,brack,200,47.516444,0.048366,0.142490,47.148523
2019-11-29 00:14:57,brack,200,49.114990,0.034845,0.074517,49.048392
2019-11-29 00:16:01,brack,200,22.557690,0.019784,0.057484,22.493627
2019-11-29 00:16:38,brack,200,33.553631,0.018206,0.060299,33.275411
2019-11-29 00:17:27,brack,200,64.166609,0.034802,0.078954,63.840283
2019-11-29 00:18:46,brack,200,145.992901,0.017393,0.058499,145.839195
2019-11-29 00:21:27,brack,200,32.859199,0.018629,0.096582,32.568174
2019-11-29 00:22:15,brack,200,41.590133,0.044101,0.149310,41.236526
2019-11-29 00:23:12,brack,200,86.927807,0.021086,0.236244,86.630434
2019-11-29 00:24:54,brack,200,40.027049,0.020684,0.140878,39.497384
2019-11-29 00:25:49,brack,200,9.992726,0.036692,0.156013,9.931050
2019-11-29 00:26:14,brack,200,32.039297,0.019785,0.248470,31.485501
2019-11-29 00:27:01,brack,200,30.637686,0.041661,0.385994,30.394331
2019-11-29 00:27:47,brack,200,9.074675,0.069975,0.176086,9.002441
2019-11-29 00:28:11,brack,200,9.699936,0.023281,0.511023,9.636529
2019-11-29 00:28:36,brack,200,68.674108,0.037344,0.236957,68.617878
2019-11-29 00:30:00,brack,200,9.791280,0.035767,0.081851,9.710476
2019-11-29 00:30:25,brack,200,18.706565,0.007943,0.052315,18.519695
2019-11-29 00:30:58,brack,200,10.575554,0.017599,0.050340,10.501347
2019-11-29 00:31:24,brack,200,32.573554,0.034507,0.072534,32.511090
2019-11-29 00:32:12,brack,200,10.101143,0.037549,0.091362,10.026900
2019-11-29 00:32:37,brack,200,10.772900,0.019205,0.059121,10.712591
2019-11-29 00:33:03,brack,200,9.017941,0.017683,0.056085,8.959090
2019-11-29 00:33:27,brack,200,9.661412,0.033233,0.071676,9.577434
2019-11-29 00:33:52,brack,200,70.492610,0.014127,0.053276,70.430753
2019-11-29 00:35:17,brack,200,9.737455,0.017356,0.055329,9.548684
2019-11-29 00:35:42,brack,200,8.460593,0.039673,0.079069,8.406620
2019-11-29 00:36:05,brack,200,32.641094,0.016697,0.051523,32.586843
2019-11-29 00:36:53,brack,200,10.532870,0.036504,0.080139,10.486166
2019-11-29 00:37:19,brack,200,9.786484,0.008378,0.041748,9.465769
2019-11-29 00:37:43,brack,200,9.732612,0.035243,0.068318,9.669893
2019-11-29 00:38:08,brack,200,9.701611,0.036421,0.069895,9.648903
2019-11-29 00:38:33,brack,200,8.686061,0.009391,0.045612,8.639875
2019-11-29 00:38:57,brack,200,32.415831,0.018226,0.055439,32.357541
2019-11-29 00:39:44,brack,200,9.707253,0.033265,0.063473,9.645279
2019-11-29 00:40:09,brack,200,10.493752,0.038520,0.073966,10.447359
2019-11-29 00:40:34,brack,200,10.436418,0.008877,0.049058,10.384818
2019-11-29 00:41:00,brack,200,9.511753,0.018025,0.049500,9.442935
2019-11-29 00:41:24,brack,200,8.833297,0.033651,0.077076,8.780206
2019-11-29 00:41:48,brack,200,10.597926,0.021201,0.055615,10.545610
2019-11-29 00:42:14,brack,200,8.543620,0.017168,0.059840,8.479067
2019-11-29 00:42:38,brack,200,9.515257,0.017818,0.045971,9.457937
2019-11-29 00:43:02,brack,200,10.461672,0.035995,0.068753,10.398026
2019-11-29 00:43:28,brack,200,10.451118,0.023827,0.060557,10.391250
2019-11-29 00:43:53,brack,200,10.485981,0.036987,0.079177,10.433916
2019-11-29 00:44:19,brack,200,9.448763,0.008901,0.045982,9.401131
2019-11-29 00:44:43,brack,200,10.442617,0.035538,0.074157,10.379962
2019-11-29 00:45:09,brack,200,8.503193,0.009102,0.045789,8.455440
2019-11-29 00:45:32,brack,200,8.631467,0.036015,0.067508,8.562328
2019-11-29 00:45:56,brack,200,8.583554,0.119812,0.160461,8.522216
2019-11-29 00:46:20,brack,200,8.428521,0.035943,0.069504,8.368689
2019-11-29 00:46:43,brack,200,8.638332,0.023535,0.061754,8.580061
2019-11-29 00:47:07,brack,200,8.620659,0.017640,0.066557,8.578034
2019-11-29 00:47:30,brack,200,8.743713,0.037194,0.204481,8.683165
2019-11-29 00:47:54,brack,200,34.426822,0.008916,0.042493,34.386094
2019-11-29 00:48:44,brack,200,8.451105,0.018803,0.053449,8.403429
2019-11-29 00:49:07,brack,200,33.724244,0.017304,0.055405,33.674868
2019-11-29 00:49:56,brack,200,8.450461,0.037832,0.074780,8.396553
2019-11-29 00:50:19,brack,200,10.625285,0.008018,0.056692,10.559578
2019-11-29 00:50:45,brack,200,10.611206,0.041366,0.079094,10.552301
2019-11-29 00:51:11,brack,200,10.487207,0.009551,0.041364,10.427446
2019-11-29 00:51:36,brack,200,9.613173,0.066782,0.116097,9.556668
2019-11-29 00:52:01,brack,200,10.460316,0.021185,0.084812,10.409779
2019-11-29 00:52:26,brack,200,8.563251,0.077644,0.116221,8.417253
2019-11-29 00:52:50,brack,200,10.396903,0.037191,0.070794,10.343751
2019-11-29 00:53:15,brack,200,10.621261,0.035764,0.070137,10.566377
2019-11-29 00:53:41,brack,200,10.523490,0.008755,0.042149,10.457138
2019-11-29 00:54:07,brack,200,10.629649,0.018567,0.059879,10.576478
2019-11-29 00:54:32,brack,200,9.588811,0.017784,0.060378,9.532848
2019-11-29 00:54:57,brack,200,8.523428,0.033240,0.062142,8.463252
2019-11-29 00:55:21,brack,200,9.458437,0.018050,0.096651,9.405762
2019-11-29 00:55:45,brack,200,9.441519,0.038270,0.076341,9.389009
2019-11-29 00:56:10,brack,200,8.505185,0.007819,0.039554,8.453892
2019-11-29 00:56:33,brack,200,59.626467,0.065648,0.103102,59.573003
2019-11-29 00:57:48,brack,200,10.552347,0.020534,0.056048,10.494842
2019-11-29 00:58:13,brack,200,8.445206,0.045251,0.092383,8.397053
2019-11-29 00:58:37,brack,200,31.596660,0.010749,0.045454,31.546063
2019-11-29 00:59:24,brack,200,9.469001,0.039844,0.072899,9.408954
2019-11-29 00:59:48,brack,200,9.615142,0.013495,0.048033,9.557334
2019-11-29 01:00:13,brack,200,9.594485,0.039014,0.072935,9.537426
2019-11-29 01:00:37,brack,200,10.441305,0.010129,0.050013,10.392716
2019-11-29 01:01:03,brack,200,9.443255,0.019725,0.057214,9.405644
2019-11-29 01:01:27,brack,200,8.727380,0.008159,0.039132,8.683744
2019-11-29 01:01:51,brack,200,8.406761,0.019964,0.065834,8.360561
2019-11-29 01:02:15,brack,200,10.373500,0.022218,0.060262,10.324292
2019-11-29 01:02:40,brack,200,70.578784,0.018455,0.054676,70.533570
2019-11-29 01:04:06,brack,200,8.590103,0.041055,0.075507,8.547521
2019-11-29 01:04:29,brack,200,10.575045,0.009478,0.043491,10.529992
2019-11-29 01:04:55,brack,200,34.387336,0.023347,0.061980,34.322219
2019-11-29 01:05:44,brack,200,34.382144,0.042638,0.086807,34.338016
2019-11-29 01:06:34,brack,200,9.375373,0.035492,0.071759,9.332683
2019-11-29 01:06:58,brack,200,8.383869,0.009721,0.041289,8.338171
2019-11-29 01:07:22,brack,200,33.510441,0.041145,0.084798,33.461895
2019-11-29 01:08:10,brack,200,10.431416,0.016683,0.046827,10.390777
2019-11-29 01:08:36,brack,200,9.407923,0.010606,0.038096,9.373061
2019-11-29 01:09:00,brack,200,9.620304,0.036217,0.065250,9.575313
2019-11-29 01:09:25,brack,200,8.408679,0.009759,0.041822,8.362169
2019-11-29 01:09:48,brack,200,10.552988,0.018344,0.047346,10.521454
2019-11-29 01:10:14,brack,200,10.491851,0.080688,0.115280,10.436414
2019-11-29 01:10:39,brack,200,8.388170,0.008974,0.043251,8.351367
2019-11-29 01:11:03,brack,200,10.426808,0.051308,0.093236,10.389119
2019-11-29 01:11:28,brack,200,10.449535,0.009299,0.039772,10.393615
2019-11-29 01:11:54,brack,200,9.407934,0.041736,0.080044,9.347846
2019-11-29 01:12:18,brack,200,10.372823,0.010199,0.047697,10.325472
2019-11-29 01:12:44,brack,200,8.354787,0.022881,0.058749,8.312892
2019-11-29 01:13:07,brack,200,10.393852,0.018972,0.057636,10.321890
2019-11-29 01:13:32,brack,200,8.379227,0.036038,0.071415,8.334698
2019-11-29 01:13:56,brack,200,9.633376,0.009123,0.048377,9.565230
2019-11-29 01:14:20,brack,200,10.380832,0.043032,0.079494,10.333186
2019-11-29 01:14:46,brack,200,69.593847,0.075362,0.110002,69.551780
2019-11-29 01:16:11,brack,200,10.661469,0.042435,0.077329,10.616513
2019-11-29 01:16:36,brack,200,9.728192,0.013109,0.045976,9.690026
2019-11-29 01:17:01,brack,200,8.489195,0.035745,0.078331,8.414541
2019-11-29 01:17:25,brack,200,8.435209,0.008907,0.041999,8.390866
2019-11-29 01:17:48,brack,200,9.534721,0.036801,0.078144,9.487784
2019-11-29 01:18:13,brack,200,8.536412,0.009718,0.044910,8.462374
2019-11-29 01:18:36,brack,200,9.711523,0.067268,0.101681,9.666303
2019-11-29 01:19:01,brack,200,10.428536,0.014467,0.051788,10.378362
2019-11-29 01:19:26,brack,200,9.572389,0.036731,0.078555,9.518612
2019-11-29 01:19:51,brack,200,9.370022,0.009364,0.042359,9.316750
2019-11-29 01:20:15,brack,200,8.458655,0.035300,0.067437,8.420202
2019-11-29 01:20:39,brack,200,10.402913,0.013297,0.041446,10.354400
2019-11-29 01:21:04,brack,200,8.401716,0.068240,0.094537,8.363462
2019-11-29 01:21:28,brack,200,33.237293,0.013030,0.039949,33.188335
2019-11-29 01:22:16,brack,200,10.602986,0.036557,0.069471,10.552369
2019-11-29 01:22:42,brack,200,10.389672,0.008916,0.041775,10.322236
2019-11-29 01:23:07,brack,200,14.277392,0.038011,0.079714,14.211242
2019-11-29 01:23:36,brack,200,36.726271,0.068756,0.105007,36.673633
2019-11-29 01:24:28,brack,200,9.407882,0.046589,0.088542,9.365632
2019-11-29 01:24:53,brack,200,32.559643,0.009930,0.043884,32.499713
2019-11-29 01:25:40,brack,200,8.586866,0.020094,0.057372,8.543690
2019-11-29 01:26:04,brack,200,10.438078,0.020177,0.058096,10.390615
2019-11-29 01:26:29,brack,200,9.668220,0.184764,0.222911,9.593410
2019-11-29 01:26:54,brack,200,10.590432,0.040199,0.077453,10.536808
2019-11-29 01:27:20,brack,200,8.525159,0.010361,0.037832,8.485688
2019-11-29 01:27:43,brack,200,10.417573,0.045893,0.095421,10.381840
2019-11-29 01:28:09,brack,200,9.441027,0.012686,0.051082,9.399382
2019-11-29 01:28:33,brack,200,9.276058,0.022440,0.064318,9.233181
2019-11-29 01:28:58,brack,200,42.431405,0.037615,0.073724,42.390173
2019-11-29 01:29:55,brack,200,9.407847,0.018347,0.051869,9.370430
2019-11-29 01:30:20,brack,200,9.422477,0.043642,0.094449,9.383744
2019-11-29 01:30:44,brack,200,10.589970,0.014120,0.052287,10.525272
2019-11-29 01:31:10,brack,200,9.408622,0.038117,0.072303,9.363960
2019-11-29 01:31:34,brack,200,9.441048,0.011299,0.043044,9.361623
2019-11-29 01:31:59,brack,200,10.602361,0.042810,0.087032,10.558916
2019-11-29 01:32:24,brack,200,8.644444,0.036589,0.073488,8.593055
2019-11-29 01:32:48,brack,200,9.395393,0.010298,0.038926,9.348735
2019-11-29 01:33:12,brack,200,8.598189,0.018105,0.046944,8.518940
2019-11-29 01:33:36,brack,200,8.370684,0.017913,0.049660,8.329321
2019-11-29 01:33:59,brack,200,8.595638,0.038477,0.064540,8.534388
2019-11-29 01:34:23,brack,200,32.456435,0.013675,0.049884,32.411526
2019-11-29 01:35:11,brack,200,8.616887,0.040822,0.082812,8.573725
2019-11-29 01:35:34,brack,200,10.469185,0.009328,0.042335,10.425559
2019-11-29 01:36:00,brack,200,10.438539,0.041059,0.078854,10.383987
2019-11-29 01:36:25,brack,200,38.517054,0.011234,0.052685,38.481763
2019-11-29 01:37:19,brack,200,9.428795,0.035604,0.082835,9.387518
2019-11-29 01:37:43,brack,200,10.676968,0.085655,0.120910,10.631977
2019-11-29 01:38:09,brack,200,9.564125,0.012149,0.045774,9.521544
2019-11-29 01:38:34,brack,200,10.410572,0.034762,0.073973,10.374106
2019-11-29 01:38:59,brack,200,39.591861,0.009071,0.041432,39.545990
2019-11-29 01:39:54,brack,200,10.371894,0.040780,0.078084,10.330261
2019-11-29 01:40:19,brack,200,70.977783,0.008152,0.038584,70.933598
2019-11-29 01:41:45,brack,200,8.422669,0.019409,0.052546,8.376725
2019-11-29 01:42:09,brack,200,8.369780,0.022628,0.064354,8.320722
2019-11-29 01:42:32,brack,200,9.383242,0.010266,0.045567,9.340355
2019-11-29 01:42:56,brack,200,8.599430,0.041991,0.069968,8.545349
2019-11-29 01:43:20,brack,200,8.533455,0.010503,0.043260,8.487620
2019-11-29 01:43:44,brack,200,10.460343,0.073982,0.116301,10.388116
2019-11-29 01:44:09,brack,200,9.465953,0.065982,0.102978,9.424109
2019-11-29 01:44:34,brack,200,10.450135,0.010360,0.041800,10.407417
2019-11-29 01:44:59,brack,200,9.460691,0.040751,0.076218,9.414954
2019-11-29 01:45:24,brack,200,9.403800,0.013848,0.042115,9.352998
2019-11-29 01:45:48,brack,200,42.121176,0.034175,0.060120,42.076387
2019-11-29 01:46:45,brack,200,10.446465,0.036247,0.075023,10.403306
2019-11-29 01:47:11,brack,200,9.433948,0.016156,0.051207,9.376079
2019-11-29 01:47:35,brack,200,9.620493,0.041907,0.069695,9.584123
2019-11-29 01:48:00,brack,200,9.556266,0.015292,0.048094,9.513306
2019-11-29 01:48:24,brack,200,9.422227,0.035687,0.074140,9.373450
2019-11-29 01:48:49,brack,200,9.566378,0.010170,0.064648,9.481448
2019-11-29 01:49:14,brack,200,10.519643,0.069582,0.103240,10.476133
2019-11-29 01:49:39,brack,200,10.467529,0.081686,0.127745,10.424742
2019-11-29 01:50:05,brack,200,9.407280,0.012090,0.044958,9.355227
2019-11-29 01:50:29,brack,200,8.439961,0.039996,0.078352,8.388387
2019-11-29 01:50:53,brack,200,10.428023,0.009737,0.047600,10.390796
2019-11-29 01:51:18,brack,200,8.411718,0.035666,0.074398,8.363014
2019-11-29 01:51:42,brack,200,8.510774,0.011809,0.044147,8.460872
2019-11-29 01:52:05,brack,200,8.494063,0.035556,0.069461,8.433311
2019-11-29 01:52:29,brack,200,10.597538,0.009995,0.041827,10.535446
2019-11-29 01:52:54,brack,200,35.114584,0.034125,0.075307,35.058071
2019-11-29 01:53:44,brack,200,10.557250,0.036865,0.083551,10.493622
2019-11-29 01:54:10,brack,200,36.810181,0.013506,0.049211,36.765126
2019-11-29 01:55:02,brack,200,10.499208,0.040553,0.077733,10.441444
2019-11-29 01:55:27,brack,200,10.375079,0.008892,0.046798,10.330009
2019-11-29 01:55:53,brack,200,10.418199,0.068731,0.113213,10.375273
2019-11-29 01:56:18,brack,200,9.485644,0.073430,0.112986,9.418818
2019-11-29 01:56:43,brack,200,8.389132,0.013821,0.044379,8.347955
2019-11-29 01:57:06,brack,200,10.546307,0.017118,0.047152,10.501616
2019-11-29 01:57:32,brack,200,10.398543,0.034313,0.061743,10.353744
2019-11-29 01:57:57,brack,200,50.760859,0.013350,0.049138,50.711297
2019-11-29 01:59:03,brack,200,8.450469,0.035344,0.061703,8.411068
2019-11-29 01:59:27,brack,200,9.439401,0.008999,0.043004,9.393401
2019-11-29 01:59:51,brack,200,33.292612,0.035965,0.071512,33.245197
2019-11-29 02:00:39,brack,200,10.464516,0.019214,0.057326,10.409066
2019-11-29 02:01:05,brack,200,10.394383,0.011832,0.049201,10.340244
2019-11-29 02:01:30,brack,200,10.457144,0.044838,0.081509,10.404161
2019-11-29 02:01:56,brack,200,10.589083,0.009251,0.045061,10.528335
2019-11-29 02:02:21,brack,200,8.437372,0.039647,0.080653,8.380027
2019-11-29 02:02:45,brack,200,10.429317,0.080004,0.118060,10.381097
2019-11-29 02:03:10,brack,200,9.364917,0.009558,0.042438,9.330300
2019-11-29 02:03:35,brack,200,41.454464,0.043990,0.085944,41.397494
2019-11-29 02:04:31,brack,200,8.728205,0.040027,0.074970,8.652615
2019-11-29 02:04:55,brack,200,8.560704,0.009873,0.048030,8.515229
2019-11-29 02:05:19,brack,200,10.385921,0.033724,0.069868,10.340813
2019-11-29 02:05:44,brack,200,8.450006,0.009947,0.048457,8.403643
2019-11-29 02:06:08,brack,200,9.626839,0.039191,0.077117,9.570693
2019-11-29 02:06:32,brack,200,9.734137,0.008997,0.045405,9.550566
2019-11-29 02:06:57,brack,200,68.447039,0.045128,0.080843,68.393893
2019-11-29 02:08:21,brack,200,9.488600,0.034772,0.071453,9.448365
2019-11-29 02:08:45,brack,200,8.360982,0.014037,0.057524,8.310601
2019-11-29 02:09:09,brack,200,10.715363,0.080669,0.117656,10.657169
2019-11-29 02:09:34,brack,200,10.664828,0.009283,0.036089,10.610334
2019-11-29 02:10:00,brack,200,10.482989,0.040199,0.068990,10.424019
2019-11-29 02:10:26,brack,200,8.389350,0.015029,0.045550,8.315535
2019-11-29 02:10:49,brack,200,8.672903,0.075206,0.109399,8.609850
2019-11-29 02:11:13,brack,200,8.393476,0.011325,0.056266,8.332317
2019-11-29 02:11:36,brack,200,9.473343,0.038473,0.075143,9.421036
2019-11-29 02:12:01,brack,200,10.451281,0.014259,0.050942,10.397613
2019-11-29 02:12:26,brack,200,9.623207,0.039539,0.078250,9.571913
2019-11-29 02:12:51,brack,200,9.413204,0.008114,0.044770,9.355505
2019-11-29 02:13:15,brack,200,8.436956,0.038494,0.070084,8.373779
2019-11-29 02:13:39,brack,200,9.357475,0.009183,0.044336,9.306692
2019-11-29 02:14:03,brack,200,10.422412,0.041632,0.083606,10.365477
2019-11-29 02:14:29,brack,200,10.389796,0.010573,0.043415,10.331729
2019-11-29 02:14:54,brack,200,9.401418,0.033275,0.065811,9.351281
2019-11-29 02:15:19,brack,200,49.545529,0.010204,0.048009,49.492938
2019-11-29 02:16:23,brack,200,34.272262,0.037097,0.070261,34.214858
2019-11-29 02:17:13,brack,200,10.679665,0.041992,0.078100,10.623911
2019-11-29 02:17:38,brack,200,8.376003,0.010805,0.043148,8.327768
2019-11-29 02:18:02,brack,200,8.452929,0.041080,0.079239,8.394619
2019-11-29 02:18:25,brack,200,38.807976,0.009430,0.047020,38.734285
2019-11-29 02:19:19,brack,200,8.548116,0.041972,0.083273,8.506432
2019-11-29 02:19:43,brack,200,8.591096,0.011853,0.042392,8.530763
2019-11-29 02:20:06,brack,200,32.311864,0.043510,0.080506,32.256642
2019-11-29 02:20:54,brack,200,10.434553,0.040527,0.081648,10.387442
2019-11-29 02:21:19,brack,200,10.366729,0.010203,0.046531,10.321292
2019-11-29 02:21:45,brack,200,38.612532,0.034556,0.062236,38.547348
2019-11-29 02:22:38,brack,200,45.732195,0.039472,0.073686,45.672354
2019-11-29 02:23:39,brack,200,9.619007,0.041360,0.087960,9.565211
2019-11-29 02:24:04,brack,200,8.350831,0.010560,0.042009,8.306576
2019-11-29 02:24:27,brack,200,8.670102,0.145777,0.182224,8.615007
2019-11-29 02:24:51,brack,200,9.387781,0.009576,0.047190,9.334387
2019-11-29 02:25:15,brack,200,8.579809,0.039887,0.074704,8.535525
2019-11-29 02:25:39,brack,200,9.374609,0.008752,0.045423,9.317568
2019-11-29 02:26:03,brack,200,8.584078,0.035280,0.064852,8.544095
2019-11-29 02:26:27,brack,200,9.354282,0.009300,0.044288,9.311906
2019-11-29 02:26:51,brack,200,10.559990,0.073476,0.113417,10.504264
2019-11-29 02:27:17,brack,200,10.399445,0.008864,0.044025,10.349150
2019-11-29 02:27:42,brack,200,10.483489,0.078309,0.118144,10.437461
2019-11-29 02:28:08,brack,200,10.380664,0.010072,0.050685,10.339087
2019-11-29 02:28:33,brack,200,9.447570,0.040743,0.076396,9.376890
2019-11-29 02:28:58,brack,200,9.597826,0.010678,0.041115,9.534685
2019-11-29 02:29:23,brack,200,9.460919,0.075003,0.110846,9.407682
2019-11-29 02:29:47,brack,200,9.494399,0.019533,0.067532,9.435535
2019-11-29 02:30:12,brack,200,9.529605,0.042764,0.083455,9.484292
2019-11-29 02:30:36,brack,200,9.443785,0.010953,0.043695,9.391025
2019-11-29 02:31:01,brack,200,9.450243,0.038175,0.085000,9.395445
2019-11-29 02:31:25,brack,200,10.431444,0.009841,0.043648,10.379466
2019-11-29 02:31:51,brack,200,9.496597,0.043488,0.074817,9.451068
2019-11-29 02:32:15,brack,200,10.576138,0.011717,0.046871,10.508989
2019-11-29 02:32:41,brack,200,10.625620,0.045305,0.086431,10.569465
2019-11-29 02:33:06,brack,200,9.581133,0.016572,0.054885,9.521033
2019-11-29 02:33:31,brack,200,10.527954,0.079319,0.115765,10.463601
2019-11-29 02:33:57,brack,200,9.615410,0.011432,0.036234,9.564095
2019-11-29 02:34:21,brack,200,8.437707,0.043102,0.075438,8.379348
2019-11-29 02:34:45,brack,200,44.731429,0.016367,0.045000,44.682319
2019-11-29 02:35:45,brack,200,9.588664,0.039377,0.077546,9.514187
2019-11-29 02:36:09,brack,200,10.406361,0.011398,0.043848,10.354362
2019-11-29 02:36:35,brack,200,9.636157,0.048353,0.093672,9.583268
2019-11-29 02:36:59,brack,200,8.371472,0.012373,0.047428,8.317244
2019-11-29 02:37:23,brack,200,8.600811,0.041333,0.092828,8.552302
2019-11-29 02:37:46,brack,200,8.586534,0.013082,0.046489,8.536477
2019-11-29 02:38:10,brack,200,10.464157,0.040901,0.076563,10.407319
2019-11-29 02:38:36,brack,200,56.601437,0.010755,0.041482,56.550068
2019-11-29 02:39:47,brack,200,9.370949,0.020764,0.055884,9.321849
2019-11-29 02:40:12,brack,200,8.443380,0.038918,0.079545,8.391047
2019-11-29 02:40:35,brack,200,33.386061,0.009418,0.042052,33.343002
2019-11-29 02:41:24,brack,200,25.489811,0.038505,0.076027,25.435906
2019-11-29 02:42:04,brack,200,9.550356,0.039927,0.083269,9.502962
2019-11-29 02:42:29,brack,200,8.588608,0.013602,0.046431,8.527520
2019-11-29 02:42:52,brack,200,9.437908,0.040283,0.081446,9.401729
2019-11-29 02:43:17,brack,200,10.420797,0.009610,0.049189,10.367029
2019-11-29 02:43:42,brack,200,8.421683,0.042405,0.089972,8.370707
2019-11-29 02:44:06,brack,200,8.418881,0.014231,0.049596,8.378329
2019-11-29 02:44:29,brack,200,9.591303,0.038283,0.080283,9.537286
2019-11-29 02:44:54,brack,200,10.600453,0.018132,0.051015,10.548439
2019-11-29 02:45:19,brack,200,10.398707,0.038391,0.072881,10.350142
2019-11-29 02:45:45,brack,200,8.413843,0.010936,0.044979,8.363897
2019-11-29 02:46:08,brack,200,9.618930,0.066326,0.091315,9.571380
2019-11-29 02:46:33,brack,200,8.564254,0.014495,0.045335,8.514028
2019-11-29 02:46:57,brack,200,32.721769,0.036873,0.198971,32.642552
2019-11-29 02:47:44,brack,200,36.938084,0.037316,0.066972,36.893169
2019-11-29 02:48:36,brack,200,10.619915,0.036057,0.075524,10.560970
2019-11-29 02:49:02,brack,200,10.387436,0.010356,0.043765,10.343351
2019-11-29 02:49:27,brack,200,8.456403,0.042588,0.077864,8.402431
2019-11-29 02:49:51,brack,200,9.432510,0.009872,0.072973,9.392824
2019-11-29 02:50:15,brack,200,9.460531,0.021878,0.066398,9.424280
2019-11-29 02:50:40,brack,200,9.372404,0.012469,0.045655,9.329172
2019-11-29 02:51:04,brack,200,36.195844,0.044493,0.085991,36.096349
2019-11-29 02:51:56,brack,200,10.477119,0.037186,0.084003,10.415697
2019-11-29 02:52:21,brack,200,35.375767,0.014581,0.051714,35.322189
2019-11-29 02:53:12,brack,200,9.604902,0.079926,0.115299,9.545021
2019-11-29 02:53:36,brack,200,10.397002,0.008520,0.053564,10.341393
2019-11-29 02:54:02,brack,200,10.422760,0.036553,0.082064,10.369018
2019-11-29 02:54:27,brack,200,10.393302,0.008845,0.040909,10.324104
2019-11-29 02:54:53,brack,200,10.356056,0.021361,0.056044,10.308609
2019-11-29 02:55:18,brack,200,8.616068,0.043645,0.077506,8.578563
2019-11-29 02:55:42,brack,200,8.405931,0.010074,0.041561,8.356727
2019-11-29 02:56:05,brack,200,8.423707,0.035056,0.072241,8.369452
2019-11-29 02:56:29,brack,200,9.584236,0.009289,0.048526,9.532405
2019-11-29 02:56:53,brack,200,8.533578,0.035873,0.074537,8.475891
2019-11-29 02:57:17,brack,200,33.178800,0.010342,0.045165,33.129899
2019-11-29 02:58:05,brack,200,9.396023,0.033535,0.060318,9.349614
2019-11-29 02:58:29,brack,200,9.409052,0.035359,0.067637,9.357324
2019-11-29 02:58:54,brack,200,10.566046,0.011979,0.044959,10.500469
2019-11-29 02:59:20,brack,200,41.254920,0.038022,0.064541,41.205436
2019-11-29 03:00:16,brack,200,32.532009,0.018181,0.049811,32.483739
2019-11-29 03:01:03,brack,200,9.667400,0.035144,0.069415,9.617118
2019-11-29 03:01:28,brack,200,8.561837,0.011762,0.048286,8.502412
2019-11-29 03:01:52,brack,200,10.720460,0.041339,0.079903,10.654289
2019-11-29 03:02:17,brack,200,41.809953,0.010280,0.046752,41.756383
2019-11-29 03:03:14,brack,200,9.662545,0.041629,0.072842,9.608647
2019-11-29 03:03:39,brack,200,8.600781,0.009893,0.060085,8.550232
2019-11-29 03:04:03,brack,200,9.428097,0.039646,0.078069,9.368601
2019-11-29 03:04:27,brack,200,52.233869,0.010947,0.050469,52.183844
2019-11-29 03:05:34,brack,200,10.440226,0.041283,0.075723,10.389610
2019-11-29 03:06:00,brack,200,41.105394,0.010130,0.045232,41.055013
2019-11-29 03:06:56,brack,200,10.408347,0.019732,0.063489,10.358273
2019-11-29 03:07:22,brack,200,9.349919,0.017417,0.046777,9.313349
2019-11-29 03:07:46,brack,200,8.439164,0.042029,0.082178,8.388464
2019-11-29 03:08:09,brack,200,8.417255,0.010279,0.043287,8.377258
2019-11-29 03:08:33,brack,200,10.344220,0.019188,0.053631,10.312587
2019-11-29 03:08:58,brack,200,9.413780,0.017173,0.050733,9.360971
2019-11-29 03:09:23,brack,200,9.382242,0.044818,0.086319,9.330876
2019-11-29 03:09:47,brack,200,10.668227,0.015760,0.052249,10.627972
2019-11-29 03:10:13,brack,200,9.413927,0.034489,0.076552,9.367342
2019-11-29 03:10:37,brack,200,10.386549,0.013439,0.048270,10.339799
2019-11-29 03:11:03,brack,200,8.575386,0.037412,0.063299,8.525679
2019-11-29 03:11:26,brack,200,8.355572,0.009392,0.040347,8.301456
2019-11-29 03:11:50,brack,200,10.421023,0.068849,0.093760,10.381941
2019-11-29 03:12:15,brack,200,8.419161,0.013556,0.049359,8.375915
2019-11-29 03:12:39,brack,200,8.379143,0.044406,0.082649,8.330625
2019-11-29 03:13:02,brack,200,8.406360,0.012677,0.057181,8.343991
2019-11-29 03:13:26,brack,200,8.583368,0.041475,0.073006,8.545533
2019-11-29 03:13:49,brack,200,8.615787,0.008622,0.040788,8.582979
2019-11-29 03:14:13,brack,200,10.657889,0.036348,0.077585,10.616004
2019-11-29 03:14:39,brack,200,8.418061,0.009951,0.043344,8.372665
2019-11-29 03:15:02,brack,200,8.427917,0.044755,0.094916,8.383904
2019-11-29 03:15:26,brack,200,9.377177,0.012269,0.044117,9.325981
2019-11-29 03:15:50,brack,200,10.427066,0.041593,0.078765,10.372702
2019-11-29 03:16:15,brack,200,10.502560,0.010256,0.043546,10.450709
2019-11-29 03:16:41,brack,200,10.470816,0.040407,0.084588,10.417138
2019-11-29 03:17:07,brack,200,8.461259,0.011493,0.046899,8.417117
2019-11-29 03:17:30,brack,200,10.648261,0.042503,0.078921,10.613305
2019-11-29 03:17:56,brack,200,8.515460,0.009025,0.040233,8.470896
2019-11-29 03:18:19,brack,200,9.432775,0.039487,0.076867,9.370698
2019-11-29 03:18:44,brack,200,9.502024,0.075588,0.116023,9.466655
2019-11-29 03:19:08,brack,200,9.406938,0.008010,0.040525,9.351103
2019-11-29 03:19:33,brack,200,9.393781,0.040401,0.079772,9.354484
2019-11-29 03:19:57,brack,200,10.390204,0.010424,0.045433,10.333190
2019-11-29 03:20:23,brack,200,8.570512,0.036454,0.069417,8.527724
2019-11-29 03:20:46,brack,200,9.422736,0.010054,0.048916,9.370544
2019-11-29 03:21:11,brack,200,9.419568,0.038142,0.075838,9.359693
2019-11-29 03:21:35,brack,200,9.492485,0.016238,0.056185,9.449804
2019-11-29 03:22:00,brack,200,10.596450,0.018054,0.049033,10.536894
2019-11-29 03:22:25,brack,200,8.469714,0.020161,0.048873,8.427208
2019-11-29 03:22:49,brack,200,15.382563,0.038647,0.064871,15.334030
2019-11-29 03:23:19,brack,200,8.376570,0.038741,0.065235,8.335692
2019-11-29 03:23:43,brack,200,9.426273,0.024547,0.095237,9.368963
2019-11-29 03:24:07,brack,200,9.361311,0.037815,0.075999,9.321748
2019-11-29 03:24:32,brack,200,10.416396,0.068482,0.107501,10.379864
2019-11-29 03:24:57,brack,200,8.475923,0.018196,0.060829,8.419616
2019-11-29 03:25:21,brack,200,8.631266,0.034922,0.068273,8.590168
2019-11-29 03:25:44,brack,200,13.570578,0.008628,0.049225,13.522603
2019-11-29 03:26:13,brack,200,8.427344,0.035169,0.071955,8.372662
2019-11-29 03:26:36,brack,200,13.945857,0.007950,0.040449,13.901390
2019-11-29 03:27:05,brack,200,17.738040,0.035399,0.067565,17.701831
2019-11-29 03:27:38,brack,200,10.362860,0.035118,0.069284,10.321898
2019-11-29 03:28:04,brack,200,8.338469,0.009207,0.044298,8.297250
2019-11-29 03:28:27,brack,200,10.635637,0.037590,0.072709,10.586888
2019-11-29 03:28:53,brack,200,8.393829,0.008981,0.043743,8.354409
2019-11-29 03:29:16,brack,200,8.476293,0.016466,0.051071,8.425218
2019-11-29 03:29:40,brack,200,10.485670,0.041350,0.074803,10.445256
2019-11-29 03:30:05,brack,200,10.449980,0.013442,0.046843,10.415325
2019-11-29 03:30:31,brack,200,8.415950,0.037086,0.070787,8.365530
2019-11-29 03:30:54,brack,200,8.651960,0.077784,0.111385,8.601821
2019-11-29 03:31:18,brack,200,9.362451,0.011302,0.043345,9.303776
2019-11-29 03:31:42,brack,200,8.631868,0.044657,0.078968,8.593510
2019-11-29 03:32:06,brack,200,8.381113,0.014955,0.046668,8.330006
2019-11-29 03:32:29,brack,200,10.641058,0.041695,0.071430,10.607369
2019-11-29 03:32:55,brack,200,10.389888,0.013328,0.044615,10.339741
2019-11-29 03:33:20,brack,200,9.398435,0.023151,0.056378,9.352126
2019-11-29 03:33:45,brack,200,9.596925,0.040717,0.075445,9.546237
2019-11-29 03:34:10,brack,200,17.688010,0.007928,0.042916,17.632886
2019-11-29 03:34:42,brack,200,17.042983,0.039446,0.072485,16.994557
2019-11-29 03:35:14,brack,200,8.339950,0.021458,0.051692,8.296025
2019-11-29 03:35:38,brack,200,10.667846,0.038322,0.075330,10.613942
2019-11-29 03:36:03,brack,200,8.588726,0.013084,0.048173,8.546688
2019-11-29 03:36:27,brack,200,10.432449,0.037339,0.071132,10.377699
2019-11-29 03:36:53,brack,200,9.398761,0.009172,0.049210,9.340519
2019-11-29 03:37:17,brack,200,9.424813,0.039620,0.076287,9.365066
2019-11-29 03:37:42,brack,200,8.684656,0.009810,0.043044,8.636905
2019-11-29 03:38:05,brack,200,8.406298,0.037333,0.068702,8.371642
2019-11-29 03:38:29,brack,200,9.413530,0.011131,0.058692,9.374285
2019-11-29 03:38:53,brack,200,8.401868,0.037823,0.070659,8.359616
2019-11-29 03:39:17,brack,200,8.728218,0.010998,0.050184,8.671615
2019-11-29 03:39:40,brack,200,9.606495,0.021884,0.054996,9.568579
2019-11-29 03:40:05,brack,200,9.412960,0.039423,0.070817,9.363615
2019-11-29 03:40:29,brack,200,8.332786,0.008546,0.044386,8.292685
2019-11-29 03:40:53,brack,200,9.445581,0.038984,0.069399,9.411381
2019-11-29 03:41:17,brack,200,8.576149,0.007894,0.047574,8.542740
2019-11-29 03:41:41,brack,200,9.595019,0.039767,0.071850,9.546483
2019-11-29 03:42:06,brack,200,10.512888,0.074361,0.108732,10.473591
2019-11-29 03:42:31,brack,200,10.355824,0.009444,0.040242,10.297214
2019-11-29 03:42:57,brack,200,8.716988,0.040478,0.075950,8.662304
2019-11-29 03:43:20,brack,200,9.375474,0.009042,0.043002,9.323670
2019-11-29 03:43:45,brack,200,9.480423,0.033024,0.067413,9.443872
2019-11-29 03:44:09,brack,200,9.337699,0.012113,0.048010,9.302312
2019-11-29 03:44:34,brack,200,10.660584,0.043137,0.083027,10.608758
2019-11-29 03:44:59,brack,200,16.115987,0.009744,0.046455,16.059644
2019-11-29 03:45:30,brack,200,19.898676,0.021984,0.058884,19.844464
2019-11-29 03:46:05,brack,200,8.633827,0.046487,0.091078,8.579163
2019-11-29 03:46:29,brack,200,10.399679,0.010208,0.042315,10.347522
2019-11-29 03:46:55,brack,200,10.421344,0.045170,0.081906,10.373665
2019-11-29 03:47:20,brack,200,10.523480,0.010086,0.040765,10.484209
2019-11-29 03:47:46,brack,200,9.393980,0.044867,0.087703,9.348564
2019-11-29 03:48:10,brack,200,10.354342,0.008935,0.041682,10.306418
2019-11-29 03:48:35,brack,200,8.507341,0.078753,0.103032,8.461415
2019-11-29 03:48:59,brack,200,8.394227,0.008635,0.039162,8.336792
2019-11-29 03:49:22,brack,200,13.956130,0.021701,0.048044,13.909420
2019-11-29 03:49:51,brack,200,10.607432,0.035017,0.061453,10.574026
2019-11-29 03:50:17,brack,200,8.400460,0.011626,0.044957,8.344763
2019-11-29 03:50:40,brack,200,9.333362,0.042483,0.082621,9.262551
2019-11-29 03:51:05,brack,200,8.401507,0.010021,0.045765,8.369530
2019-11-29 03:51:28,brack,200,9.435175,0.049425,0.086334,9.387013
2019-11-29 03:51:53,brack,200,8.429441,0.008957,0.043200,8.388442
2019-11-29 03:52:16,brack,200,10.429096,0.040288,0.080428,10.381701
2019-11-29 03:52:42,brack,200,10.382623,0.013974,0.046251,10.334449
2019-11-29 03:53:07,brack,200,10.713685,0.043252,0.074109,10.668458
2019-11-29 03:53:33,brack,200,9.425273,0.010768,0.041313,9.388014
2019-11-29 03:53:57,brack,200,10.474942,0.037768,0.079030,10.422572
2019-11-29 03:54:23,brack,200,8.444919,0.062964,0.104550,8.392030
2019-11-29 03:54:46,brack,200,8.470261,0.037516,0.080001,8.410964
2019-11-29 03:55:10,brack,200,15.355682,0.075508,0.109123,15.313071
2019-11-29 03:55:40,brack,200,8.602344,0.038689,0.075493,8.547873
2019-11-29 03:56:04,brack,200,10.383265,0.009050,0.042202,10.333900
2019-11-29 03:56:29,brack,200,9.583723,0.022983,0.060089,9.532774
2019-11-29 03:56:54,brack,200,10.576209,0.041621,0.078745,10.534676
2019-11-29 03:57:20,brack,200,10.396469,0.010207,0.042461,10.341324
2019-11-29 03:57:45,brack,200,8.426545,0.043265,0.085381,8.379413
2019-11-29 03:58:09,brack,200,15.177848,0.008608,0.039286,15.123002
2019-11-29 03:58:39,brack,200,14.878581,0.042442,0.086206,14.833427
2019-11-29 03:59:09,brack,200,9.581683,0.038703,0.074904,9.537699
2019-11-29 03:59:33,brack,200,15.277530,0.015141,0.052416,15.227220
2019-11-29 04:00:04,brack,200,16.278380,0.039944,0.077263,16.224424
2019-11-29 04:00:35,brack,200,8.593885,0.037329,0.066293,8.544939
2019-11-29 04:00:59,brack,200,8.610928,0.008312,0.037212,8.534074
2019-11-29 04:01:22,brack,200,8.397280,0.035412,0.063572,8.354909
2019-11-29 04:01:46,brack,200,9.566722,0.034217,0.059767,9.521761
2019-11-29 04:02:10,brack,200,8.566987,0.012159,0.042695,8.514044
2019-11-29 04:02:34,brack,200,16.553077,0.036796,0.069857,16.511895
2019-11-29 04:03:05,brack,200,10.468449,0.021558,0.063381,10.403685
2019-11-29 04:03:31,brack,200,9.601475,0.036213,0.071742,9.552276
2019-11-29 04:03:56,brack,200,9.379246,0.011019,0.039466,9.335570
2019-11-29 04:04:20,brack,200,12.408017,0.018966,0.052270,12.350548
2019-11-29 04:04:47,brack,200,11.561543,0.067283,0.103519,11.514762
2019-11-29 04:05:14,brack,200,8.463007,0.011675,0.045344,8.405176
2019-11-29 04:05:38,brack,200,8.537491,0.041323,0.076381,8.486231
2019-11-29 04:06:01,brack,200,10.379628,0.009661,0.043425,10.324186
2019-11-29 04:06:27,brack,200,16.042200,0.020717,0.067036,16.000200
2019-11-29 04:06:58,brack,200,10.398372,0.036324,0.071463,10.357706
2019-11-29 04:07:23,brack,200,9.373462,0.011464,0.042411,9.323477
2019-11-29 04:07:48,brack,200,10.462523,0.076111,0.107647,10.412640
2019-11-29 04:08:13,brack,200,9.374162,0.012901,0.054211,9.320149
2019-11-29 04:08:37,brack,200,16.994665,0.022217,0.049595,16.943889
2019-11-29 04:09:09,brack,200,13.320533,0.041830,0.078654,13.267104
2019-11-29 04:09:38,brack,200,9.363911,0.039196,0.075177,9.316374
2019-11-29 04:10:02,brack,200,9.405018,0.010201,0.040237,9.363695
2019-11-29 04:10:27,brack,200,8.394684,0.018978,0.048533,8.360438
2019-11-29 04:10:50,brack,200,10.403306,0.010245,0.041942,10.341680
2019-11-29 04:11:16,brack,200,10.461527,0.046292,0.083032,10.414939
2019-11-29 04:11:41,brack,200,8.415313,0.010475,0.051844,8.361467
2019-11-29 04:12:05,brack,200,8.352194,0.020865,0.051175,8.310294
2019-11-29 04:12:28,brack,200,8.582215,0.010577,0.043048,8.543685
2019-11-29 04:12:52,brack,200,10.408853,0.077488,0.105564,10.366203
2019-11-29 04:13:17,brack,200,10.513610,0.007977,0.032922,10.467744
2019-11-29 04:13:43,brack,200,10.605658,0.036043,0.063980,10.554304
2019-11-29 04:14:08,brack,200,10.435080,0.078200,0.114996,10.393773
2019-11-29 04:14:34,brack,200,8.332858,0.010293,0.042540,8.290815
2019-11-29 04:14:57,brack,200,9.401789,0.040708,0.078642,9.352968
2019-11-29 04:15:22,brack,200,9.650561,0.011405,0.045703,9.602899
2019-11-29 04:15:46,brack,200,9.600759,0.045887,0.079371,9.550969
2019-11-29 04:16:11,brack,200,9.574772,0.009978,0.040315,9.524126
2019-11-29 04:16:36,brack,200,9.601009,0.039930,0.077602,9.551925
2019-11-29 04:17:00,brack,200,8.423715,0.015827,0.047601,8.382457
2019-11-29 04:17:24,brack,200,9.479774,0.042154,0.076921,9.393601
2019-11-29 04:17:48,brack,200,9.416350,0.042420,0.080952,9.358312
2019-11-29 04:18:13,brack,200,15.689208,0.008563,0.037779,15.633578
2019-11-29 04:18:43,brack,200,8.419277,0.038243,0.080570,8.367236
2019-11-29 04:19:07,brack,200,9.398253,0.011126,0.042764,9.354633
2019-11-29 04:19:31,brack,200,10.601882,0.036800,0.077969,10.550301
2019-11-29 04:19:57,brack,200,10.391516,0.009727,0.046740,10.340857
2019-11-29 04:20:22,brack,200,8.510038,0.044697,0.071046,8.467724
2019-11-29 04:20:46,brack,200,8.508480,0.084017,0.122197,8.466525
2019-11-29 04:21:09,brack,200,15.895347,0.008349,0.044654,15.847259
2019-11-29 04:21:40,brack,200,8.607377,0.040507,0.077921,8.559431
2019-11-29 04:22:04,brack,200,9.397309,0.010266,0.045925,9.363197
2019-11-29 04:22:29,brack,200,16.844273,0.040369,0.076388,16.789708
2019-11-29 04:23:00,brack,200,8.595825,0.045718,0.080642,8.535937
2019-11-29 04:23:24,brack,200,8.383351,0.014853,0.046241,8.340751
2019-11-29 04:23:47,brack,200,8.643114,0.035351,0.075347,8.591217
2019-11-29 04:24:11,brack,200,10.376689,0.012187,0.045318,10.329893
2019-11-29 04:24:37,brack,200,10.564500,0.034126,0.063403,10.520889
2019-11-29 04:25:02,brack,200,8.382252,0.007934,0.033254,8.329236
2019-11-29 04:25:26,brack,200,8.426714,0.040248,0.075538,8.382485
2019-11-29 04:25:49,brack,200,8.572096,0.008282,0.036922,8.516521
2019-11-29 04:26:13,brack,200,8.593299,0.044840,0.081876,8.552284
2019-11-29 04:26:36,brack,200,8.373726,0.008837,0.038939,8.332086
2019-11-29 04:27:00,brack,200,9.629811,0.039401,0.075356,9.585397
2019-11-29 04:27:24,brack,200,10.461784,0.073713,0.109511,10.410103
2019-11-29 04:27:50,brack,200,10.584465,0.015742,0.051718,10.533738
2019-11-29 04:28:16,brack,200,8.596544,0.041134,0.078288,8.540808
2019-11-29 04:28:39,brack,200,10.368301,0.010784,0.045255,10.326208
2019-11-29 04:29:05,brack,200,8.439107,0.042671,0.079587,8.382482
2019-11-29 04:29:28,brack,200,8.428147,0.011250,0.040603,8.387353
2019-11-29 04:29:52,brack,200,8.627244,0.042489,0.080910,8.566088
2019-11-29 04:30:15,brack,200,9.338241,0.014597,0.051562,9.301169
2019-11-29 04:30:40,brack,200,9.620822,0.041000,0.075741,9.570049
2019-11-29 04:31:04,brack,200,10.390028,0.011558,0.040571,10.335857
2019-11-29 04:31:30,brack,200,10.619176,0.039916,0.080293,10.568081
2019-11-29 04:31:55,brack,200,8.483867,0.013123,0.040746,8.446439
2019-11-29 04:32:19,brack,200,8.615564,0.041118,0.077207,8.563945
2019-11-29 04:32:43,brack,200,10.364700,0.011126,0.040951,10.329820
2019-11-29 04:33:08,brack,200,10.570324,0.042429,0.075491,10.535933
2019-11-29 04:33:34,brack,200,9.472254,0.012634,0.054196,9.408476
2019-11-29 04:33:58,brack,200,11.678229,0.077933,0.110782,11.629144
2019-11-29 04:34:25,brack,200,10.561964,0.008160,0.036549,10.309663
2019-11-29 04:34:50,brack,200,9.414083,0.039786,0.076391,9.360423
2019-11-29 04:35:15,brack,200,10.376514,0.011227,0.042921,10.327720
2019-11-29 04:35:40,brack,200,8.385578,0.042893,0.079826,8.340315
2019-11-29 04:36:04,brack,200,17.076485,0.012229,0.042914,17.023470
2019-11-29 04:36:36,brack,200,10.633239,0.139857,0.166395,10.579031
2019-11-29 04:37:01,brack,200,8.463765,0.009865,0.042666,8.426461
2019-11-29 04:37:25,brack,200,9.423667,0.039455,0.065956,9.387475
2019-11-29 04:37:49,brack,200,9.346590,0.012950,0.042589,9.301741
2019-11-29 04:38:14,brack,200,9.465666,0.035971,0.063805,9.409767
2019-11-29 04:38:38,brack,200,9.654071,0.011002,0.041257,9.614833
2019-11-29 04:39:03,brack,200,11.724091,0.041414,0.076893,11.681567
2019-11-29 04:39:30,brack,200,8.621273,0.008903,0.041448,8.562355
2019-11-29 04:39:54,brack,200,8.573916,0.041491,0.079876,8.540574
2019-11-29 04:40:17,brack,200,9.418213,0.078426,0.117288,9.375904
2019-11-29 04:40:42,brack,200,10.405446,0.011618,0.042687,10.366282
2019-11-29 04:41:07,brack,200,8.438539,0.039327,0.075237,8.395267
2019-11-29 04:41:31,brack,200,10.659577,0.009012,0.046376,10.611645
2019-11-29 04:41:56,brack,200,10.387676,0.043194,0.088179,10.344027
2019-11-29 04:42:22,brack,200,10.578363,0.015610,0.058472,10.530980
2019-11-29 04:42:47,brack,200,8.755119,0.041751,0.081995,8.704013
2019-11-29 04:43:11,brack,200,15.116315,0.014365,0.041893,15.069726
2019-11-29 04:43:41,brack,200,9.477591,0.042118,0.077515,9.424175
2019-11-29 04:44:06,brack,200,9.414910,0.012860,0.056256,9.378231
2019-11-29 04:44:30,brack,200,8.568178,0.040440,0.078580,8.385785
2019-11-29 04:44:54,brack,200,10.619928,0.012266,0.046233,10.566189
2019-11-29 04:45:20,brack,200,9.539409,0.040132,0.075141,9.487269
2019-11-29 04:45:44,brack,200,8.393915,0.011679,0.041961,8.333277
2019-11-29 04:46:08,brack,200,8.398910,0.036554,0.065992,8.359973
2019-11-29 04:46:31,brack,200,8.365515,0.009751,0.044968,8.321662
2019-11-29 04:46:55,brack,200,10.489555,0.083193,0.118873,10.453410
2019-11-29 04:47:20,brack,200,9.360976,0.009953,0.040270,9.309026
2019-11-29 04:47:45,brack,200,8.496553,0.041265,0.076688,8.441511
2019-11-29 04:48:08,brack,200,10.563820,0.010125,0.039183,10.516765
2019-11-29 04:48:34,brack,200,9.561168,0.036007,0.067696,9.510900
2019-11-29 04:48:58,brack,200,10.536598,0.010763,0.036186,10.493519
2019-11-29 04:49:24,brack,200,18.978637,0.071481,0.100192,18.928502
2019-11-29 04:49:58,brack,200,9.422873,0.035777,0.062921,9.384537
2019-11-29 04:50:23,brack,200,8.413994,0.012825,0.038900,8.378991
2019-11-29 04:50:46,brack,200,8.484189,0.040487,0.079347,8.417785
2019-11-29 04:51:09,brack,200,10.396496,0.012824,0.042572,10.345627
2019-11-29 04:51:35,brack,200,9.433184,0.040417,0.075505,9.385941
2019-11-29 04:51:59,brack,200,9.596021,0.012028,0.046323,9.554431
2019-11-29 04:52:24,brack,200,10.500312,0.043264,0.080603,10.449301
2019-11-29 04:52:50,brack,200,10.647243,0.010115,0.039735,10.608901
2019-11-29 04:53:15,brack,200,21.888622,0.082415,0.117507,21.834860
2019-11-29 04:53:52,brack,200,16.221901,0.043655,0.087082,16.170818
2019-11-29 04:54:23,brack,200,10.444617,0.042034,0.067289,10.406681
2019-11-29 04:54:49,brack,200,9.597351,0.011598,0.050021,9.543191
2019-11-29 04:55:14,brack,200,9.686776,0.046349,0.078857,9.631746
2019-11-29 04:55:38,brack,200,9.410040,0.010332,0.041171,9.375060
2019-11-29 04:56:03,brack,200,19.867480,0.042363,0.070016,19.810566
2019-11-29 04:56:38,brack,200,10.410799,0.041679,0.076631,10.360789
2019-11-29 04:57:03,brack,200,10.429711,0.014489,0.053914,10.369463
2019-11-29 04:57:29,brack,200,8.414250,0.039047,0.069141,8.367019
2019-11-29 04:57:52,brack,200,9.388705,0.009036,0.049046,9.334096
2019-11-29 04:58:17,brack,200,9.629231,0.046842,0.081264,9.594555
2019-11-29 04:58:41,brack,200,8.384605,0.013208,0.040105,8.335863
2019-11-29 04:59:05,brack,200,8.452811,0.049213,0.082988,8.414115
2019-11-29 04:59:28,brack,200,10.597015,0.011171,0.050809,10.543124
2019-11-29 04:59:54,brack,200,10.685606,0.080712,0.113655,10.637514
2019-11-29 05:00:19,brack,200,9.356721,0.010275,0.042486,9.314354
2019-11-29 05:00:44,brack,200,10.491183,0.039103,0.072169,10.453630
2019-11-29 05:01:09,brack,200,9.391682,0.009810,0.037211,9.334505
2019-11-29 05:01:34,brack,200,10.356466,0.035287,0.061064,10.310792
2019-11-29 05:01:59,brack,200,8.356641,0.014124,0.041436,8.310490
2019-11-29 05:02:23,brack,200,22.872801,0.035314,0.060875,22.828492
2019-11-29 05:03:01,brack,200,10.422476,0.042117,0.086267,10.373727
2019-11-29 05:03:26,brack,200,8.507846,0.011552,0.043678,8.339172
2019-11-29 05:03:50,brack,200,9.404868,0.037663,0.074517,9.357309
2019-11-29 05:04:14,brack,200,9.584478,0.008996,0.039158,9.534073
2019-11-29 05:04:39,brack,200,9.415284,0.034879,0.073741,9.371210
2019-11-29 05:05:03,brack,200,9.393891,0.010176,0.042005,9.345677
2019-11-29 05:05:28,brack,200,9.429952,0.041187,0.076774,9.373651
2019-11-29 05:05:52,brack,200,9.390706,0.019678,0.053957,9.353007
2019-11-29 05:06:16,brack,200,10.489109,0.085547,0.128402,10.449075
2019-11-29 05:06:42,brack,200,10.393837,0.014203,0.046291,10.338258
2019-11-29 05:07:07,brack,200,9.405972,0.040482,0.064529,9.359102
2019-11-29 05:07:32,brack,200,9.398885,0.009814,0.040803,9.343281
2019-11-29 05:07:56,brack,200,9.381434,0.045890,0.086968,9.345985
2019-11-29 05:08:21,brack,200,9.597346,0.010629,0.051736,9.545171
2019-11-29 05:08:45,brack,200,34.517594,0.037980,0.076041,34.463285
2019-11-29 05:09:35,brack,200,8.634081,0.045676,0.084711,8.576749
2019-11-29 05:09:59,brack,200,8.412031,0.010811,0.042560,8.344724
2019-11-29 05:10:22,brack,200,10.432641,0.037669,0.069931,10.367945
2019-11-29 05:10:48,brack,200,9.395922,0.010421,0.046105,9.344322
2019-11-29 05:11:12,brack,200,71.422253,0.042329,0.077363,71.366676
2019-11-29 05:12:38,brack,200,9.610534,0.072121,0.108151,9.574976
2019-11-29 05:13:03,brack,200,9.376624,0.011926,0.054865,9.331539
2019-11-29 05:13:28,brack,200,10.429946,0.035389,0.069155,10.376028
2019-11-29 05:13:53,brack,200,10.592014,0.017925,0.050059,10.538955
2019-11-29 05:14:19,brack,200,8.409188,0.033239,0.063764,8.351016
2019-11-29 05:14:42,brack,200,8.603601,0.008844,0.042442,8.567847
2019-11-29 05:15:06,brack,200,35.890059,0.037431,0.064538,35.835475
2019-11-29 05:15:57,brack,200,9.362908,0.040199,0.074468,9.318421
2019-11-29 05:16:21,brack,200,8.384925,0.009845,0.041175,8.337098
2019-11-29 05:16:45,brack,200,9.352020,0.035077,0.067375,9.316746
2019-11-29 05:17:09,brack,200,8.455518,0.013808,0.042440,8.417646
2019-11-29 05:17:32,brack,200,8.381799,0.041435,0.079337,8.341707
2019-11-29 05:17:56,brack,200,9.390166,0.012249,0.052600,9.340393
2019-11-29 05:18:20,brack,200,8.613954,0.041666,0.080578,8.570498
2019-11-29 05:18:44,brack,200,8.461019,0.014113,0.053087,8.413888
2019-11-29 05:19:08,brack,200,10.526015,0.076252,0.111495,10.471658
2019-11-29 05:19:33,brack,200,10.392380,0.008613,0.038383,10.339767
2019-11-29 05:19:59,brack,200,8.380984,0.043564,0.081832,8.333594
2019-11-29 05:20:22,brack,200,8.420745,0.011995,0.049668,8.370776
2019-11-29 05:20:45,brack,200,9.445264,0.038479,0.073308,9.387883
2019-11-29 05:21:10,brack,200,10.426393,0.013930,0.047259,10.387045
2019-11-29 05:21:35,brack,200,10.574555,0.040592,0.077326,10.540742
2019-11-29 05:22:01,brack,200,8.445574,0.012381,0.055223,8.338989
2019-11-29 05:22:24,brack,200,10.710805,0.044672,0.076137,10.646763
2019-11-29 05:22:50,brack,200,10.420293,0.012014,0.057960,10.384700
2019-11-29 05:23:16,brack,200,8.515923,0.039330,0.071386,8.476587
2019-11-29 05:23:39,brack,200,8.353812,0.012126,0.043644,8.310269
2019-11-29 05:24:03,brack,200,10.520674,0.041425,0.076978,10.468776
2019-11-29 05:24:28,brack,200,8.553363,0.015970,0.060761,8.509490
2019-11-29 05:24:52,brack,200,13.326163,0.621659,0.741707,11.674819
2019-11-29 05:25:20,brack,200,9.141042,0.038506,0.066932,8.710805
2019-11-29 05:25:44,brack,200,37.744054,0.066056,0.091580,37.641044
2019-11-29 05:26:37,brack,200,9.445205,0.035961,0.063371,9.338058
2019-11-29 05:27:02,brack,200,10.544052,0.010518,0.040083,10.377610
2019-11-29 05:27:27,brack,200,10.543194,0.066672,0.104789,10.415369
2019-11-29 05:27:53,brack,200,8.446257,0.011720,0.053375,8.395908
2019-11-29 05:28:16,brack,200,38.274777,0.042527,0.081563,38.184530
2019-11-29 05:29:10,brack,200,9.610508,0.039573,0.074133,9.557464
2019-11-29 05:29:34,brack,200,10.427876,0.013664,0.047188,10.340775
2019-11-29 05:30:00,brack,200,9.573704,0.040613,0.078661,9.503978
2019-11-29 05:30:24,brack,200,9.403588,0.009116,0.037752,9.323089
2019-11-29 05:30:49,brack,200,8.472431,0.039525,0.077598,8.406436
2019-11-29 05:31:12,brack,200,8.614721,0.018471,0.064306,8.572854
2019-11-29 05:31:36,brack,200,10.693964,0.047555,0.088747,10.599210
2019-11-29 05:32:02,brack,200,9.456100,0.077689,0.112122,9.390234
2019-11-29 05:32:26,brack,200,10.574202,0.009662,0.039304,10.507875
2019-11-29 05:32:52,brack,200,8.616921,0.042306,0.081637,8.575664
2019-11-29 05:33:16,brack,200,8.583042,0.009452,0.041415,8.542508
2019-11-29 05:33:39,brack,200,9.725919,0.072464,0.111548,9.649899
2019-11-29 05:34:04,brack,200,10.425673,0.011168,0.042879,10.391643
2019-11-29 05:34:29,brack,200,10.656929,0.040593,0.080394,10.621156
2019-11-29 05:34:55,brack,200,9.676219,0.070182,0.104950,9.623088
2019-11-29 05:35:20,brack,200,33.683279,0.020961,0.047743,33.632319
2019-11-29 05:36:09,brack,200,9.498069,0.045035,0.081082,9.446495
2019-11-29 05:36:33,brack,200,10.585712,0.008362,0.041231,10.540824
2019-11-29 05:36:59,brack,200,65.261291,0.037282,0.072363,65.203345
2019-11-29 05:38:19,brack,200,8.380704,0.036362,0.061127,8.334374
2019-11-29 05:38:42,brack,200,8.572216,0.011459,0.048272,8.515931
2019-11-29 05:39:06,brack,200,9.562924,0.044323,0.070506,9.495696
2019-11-29 05:39:31,brack,200,8.369561,0.016372,0.055563,8.327026
2019-11-29 05:39:54,brack,200,9.613234,0.043247,0.079936,9.566579
2019-11-29 05:40:19,brack,200,8.512350,0.010430,0.044448,8.462542
2019-11-29 05:40:42,brack,200,10.499620,0.044615,0.091953,10.440774
2019-11-29 05:41:08,brack,200,10.413175,0.010053,0.048738,10.367082
2019-11-29 05:41:33,brack,200,10.620214,0.041170,0.081937,10.564738
2019-11-29 05:41:59,brack,200,32.397181,0.013035,0.048796,32.319057
2019-11-29 05:42:46,brack,200,34.203695,0.040174,0.078649,34.165000
2019-11-29 05:43:36,brack,200,10.469956,0.080005,0.116741,10.421230
2019-11-29 05:44:01,brack,200,9.409271,0.011715,0.042342,9.360654
2019-11-29 05:44:26,brack,200,9.675337,0.037849,0.074580,9.615523
2019-11-29 05:44:50,brack,200,8.385025,0.009219,0.035937,8.349511
2019-11-29 05:45:14,brack,200,9.638879,0.041438,0.077787,9.589908
2019-11-29 05:45:38,brack,200,8.344239,0.008790,0.042769,8.295042
2019-11-29 05:46:02,brack,200,9.501072,0.043934,0.081156,9.453712
2019-11-29 05:46:26,brack,200,10.395390,0.012266,0.049678,10.346109
2019-11-29 05:46:52,brack,200,9.464580,0.040027,0.075376,9.412066
2019-11-29 05:47:16,brack,200,10.361945,0.012264,0.048499,10.320497
2019-11-29 05:47:42,brack,200,10.419821,0.041576,0.071482,10.373815
2019-11-29 05:48:07,brack,200,8.360561,0.010214,0.040267,8.325612
2019-11-29 05:48:31,brack,200,10.443977,0.046671,0.082249,10.399508
2019-11-29 05:48:56,brack,200,10.462527,0.010258,0.041325,10.422823
2019-11-29 05:49:22,brack,200,84.547272,0.045094,0.079866,84.442585
2019-11-29 05:51:01,brack,200,9.429177,0.036397,0.063770,9.380088
2019-11-29 05:51:26,brack,200,8.650883,0.011683,0.037009,8.613324
2019-11-29 05:51:49,brack,200,9.465759,0.038902,0.076673,9.415776
2019-11-29 05:52:14,brack,200,58.752156,0.011478,0.042337,58.710355
2019-11-29 05:53:28,brack,200,9.634469,0.042669,0.074913,9.580378
2019-11-29 05:53:52,brack,200,8.365673,0.008601,0.050516,8.329932
2019-11-29 05:54:16,brack,200,34.608218,0.039846,0.076842,34.523239
2019-11-29 05:55:05,brack,200,8.526740,0.045029,0.079740,8.470568
2019-11-29 05:55:29,brack,200,9.346868,0.009935,0.039387,9.301131
2019-11-29 05:55:53,brack,200,10.471845,0.039358,0.076034,10.416535
2019-11-29 05:56:19,brack,200,10.395011,0.009625,0.039123,10.346107
2019-11-29 05:56:44,brack,200,10.432534,0.039878,0.077401,10.384737
2019-11-29 05:57:10,brack,200,10.688628,0.011800,0.047530,10.614182
2019-11-29 05:57:35,brack,200,41.408029,0.047704,0.081803,41.366143
2019-11-29 05:58:32,brack,200,23.597038,0.043740,0.078022,23.544465
2019-11-29 05:59:11,brack,200,8.465631,0.044629,0.083052,8.411264
2019-11-29 05:59:34,brack,200,10.397315,0.010348,0.039218,10.351970
2019-11-29 06:00:00,brack,200,9.553249,0.042702,0.080454,9.451972
2019-11-29 06:00:24,brack,200,10.589633,0.015554,0.054134,10.534073
2019-11-29 06:00:50,brack,200,8.562211,0.035059,0.068180,8.506033
2019-11-29 06:01:13,brack,200,10.439199,0.018688,0.065862,10.400721
2019-11-29 06:01:39,brack,200,10.655903,0.032374,0.065665,10.605162
2019-11-29 06:02:04,brack,200,9.421782,0.008346,0.041296,9.358772
2019-11-29 06:02:29,brack,200,10.830294,0.151238,0.291673,10.643711
2019-11-29 06:02:55,brack,200,10.453917,0.011604,0.046497,10.391426
2019-11-29 06:03:20,brack,200,32.537296,0.039081,0.067339,32.487813
2019-11-29 06:04:08,brack,200,33.417999,0.081011,0.125683,33.363799
2019-11-29 06:04:56,brack,200,10.439441,0.022171,0.066275,10.398761
2019-11-29 06:05:22,brack,200,9.420889,0.022260,0.060209,9.368535
2019-11-29 06:05:46,brack,200,9.540057,0.043277,0.067443,9.492766
2019-11-29 06:06:11,brack,200,9.422427,0.011804,0.049764,9.368781
2019-11-29 06:06:35,brack,200,69.429056,0.037533,0.065953,69.370114
2019-11-29 06:08:00,brack,200,10.707951,0.036000,0.068556,10.618430
2019-11-29 06:08:26,brack,200,8.434861,0.008230,0.041674,8.402287
2019-11-29 06:08:49,brack,200,9.628046,0.040405,0.075564,9.568152
2019-11-29 06:09:14,brack,200,10.428754,0.011603,0.042177,10.333727
2019-11-29 06:09:39,brack,200,8.649566,0.044228,0.081665,8.601485
2019-11-29 06:10:03,brack,200,9.645616,0.010570,0.046340,9.595000
2019-11-29 06:10:28,brack,200,9.526913,0.035804,0.070246,9.479945
2019-11-29 06:10:52,brack,200,9.405441,0.008247,0.037587,9.356755
2019-11-29 06:11:17,brack,200,8.410895,0.039360,0.069944,8.364224
2019-11-29 06:11:40,brack,200,8.478878,0.010356,0.042813,8.428246
2019-11-29 06:12:04,brack,200,8.377177,0.021416,0.058633,8.329679
2019-11-29 06:12:27,brack,200,8.694045,0.044157,0.085105,8.646493
2019-11-29 06:12:51,brack,200,9.360525,0.012936,0.044000,9.315038
2019-11-29 06:13:15,brack,200,10.558776,0.042455,0.081718,10.521588
2019-11-29 06:13:41,brack,200,9.671768,0.011157,0.046557,9.627966
2019-11-29 06:14:06,brack,200,8.436098,0.038049,0.075069,8.393643
2019-11-29 06:14:29,brack,200,8.423045,0.008081,0.031754,8.382049
2019-11-29 06:14:52,brack,200,9.635682,0.016824,0.053046,9.592139
2019-11-29 06:15:17,brack,200,9.411384,0.038106,0.065653,9.367957
2019-11-29 06:15:42,brack,200,8.422366,0.016903,0.044886,8.369667
2019-11-29 06:16:05,brack,200,8.574744,0.008358,0.033246,8.530219
2019-11-29 06:16:29,brack,200,8.425302,0.046752,0.086634,8.385811
2019-11-29 06:16:52,brack,200,8.665361,0.009050,0.040658,8.627724
2019-11-29 06:17:16,brack,200,10.788934,0.045045,0.082396,10.729580
2019-11-29 06:17:42,brack,200,8.582326,0.009868,0.037829,8.531075
2019-11-29 06:18:05,brack,200,10.541045,0.033974,0.067475,10.501757
2019-11-29 06:18:31,brack,200,34.341172,0.009760,0.042446,34.300452
2019-11-29 06:19:20,brack,200,10.566992,0.042235,0.078335,10.513215
2019-11-29 06:19:46,brack,200,55.899368,0.008648,0.036759,55.849580
2019-11-29 06:20:57,brack,200,9.551829,0.044803,0.082831,9.507259
2019-11-29 06:21:21,brack,200,8.373023,0.012778,0.043016,8.330970
2019-11-29 06:21:45,brack,200,10.524534,0.045407,0.082374,10.477009
2019-11-29 06:22:11,brack,200,9.393842,0.014937,0.042786,9.336118
2019-11-29 06:22:35,brack,200,77.682191,0.020165,0.062260,77.616488
2019-11-29 06:24:08,brack,200,9.437177,0.044266,0.083856,9.388044
2019-11-29 06:24:32,brack,200,8.692041,0.011686,0.052350,8.649605
2019-11-29 06:24:56,brack,200,10.779610,0.037012,0.070524,10.738826
2019-11-29 06:25:22,brack,200,8.717712,0.015019,0.054832,8.670445
2019-11-29 06:25:45,brack,200,9.653558,0.022897,0.056275,9.596085
2019-11-29 06:26:10,brack,200,9.413360,0.022989,0.061507,9.367627
2019-11-29 06:26:35,brack,200,10.394321,0.017430,0.046120,10.312789
2019-11-29 06:27:00,brack,200,8.616401,0.016114,0.046593,8.566896
2019-11-29 06:27:24,brack,200,8.456608,0.034886,0.059251,8.403905
2019-11-29 06:27:47,brack,200,9.469708,0.011711,0.038754,9.413113
2019-11-29 06:28:12,brack,200,8.633712,0.037943,0.062878,8.589544
2019-11-29 06:28:35,brack,200,8.484367,0.010293,0.045284,8.424034
2019-11-29 06:28:59,brack,200,9.649487,0.044218,0.083836,9.601708
2019-11-29 06:29:24,brack,200,9.483703,0.011669,0.053533,9.348745
2019-11-29 06:29:48,brack,200,10.419993,0.022910,0.060361,10.367450
2019-11-29 06:30:14,brack,200,9.462011,0.012407,0.051104,9.410845
2019-11-29 06:30:38,brack,200,9.653273,0.041914,0.072137,9.603543
2019-11-29 06:31:03,brack,200,10.488149,0.009966,0.049020,10.424930
2019-11-29 06:31:28,brack,200,8.595111,0.035231,0.065505,8.560222
2019-11-29 06:31:52,brack,200,9.499895,0.044190,0.081374,9.463141
2019-11-29 06:32:16,brack,200,8.375869,0.007809,0.036126,8.311083
2019-11-29 06:32:40,brack,200,70.427605,0.017976,0.053131,70.385309
2019-11-29 06:34:05,brack,200,9.405760,0.021379,0.056853,9.356774
2019-11-29 06:34:30,brack,200,10.747373,0.019775,0.059298,10.687595
2019-11-29 06:34:56,brack,200,8.481631,0.019927,0.054547,8.437024
2019-11-29 06:35:19,brack,200,10.432031,0.021032,0.063089,10.391806
2019-11-29 06:35:45,brack,200,8.612315,0.046274,0.082909,8.563258
2019-11-29 06:36:08,brack,200,8.448739,0.010104,0.043480,8.398347
2019-11-29 06:36:32,brack,200,32.287762,0.043162,0.082574,32.235004
2019-11-29 06:37:19,brack,200,9.456531,0.018188,0.060010,9.406531
2019-11-29 06:37:44,brack,200,8.523414,0.075693,0.114852,8.480703
2019-11-29 06:38:07,brack,200,8.483776,0.010404,0.051864,8.434747
2019-11-29 06:38:31,brack,200,8.421599,0.034419,0.062623,8.378714
2019-11-29 06:38:54,brack,200,10.703051,0.007922,0.034736,10.663800
2019-11-29 06:39:20,brack,200,9.600576,0.016512,0.048231,9.546494
2019-11-29 06:39:45,brack,200,10.636985,0.016589,0.046040,10.593835
2019-11-29 06:40:10,brack,200,8.521271,0.039393,0.064530,8.477982
2019-11-29 06:40:34,brack,200,10.492852,0.009970,0.047292,10.443637
2019-11-29 06:40:59,brack,200,8.581503,0.036767,0.074596,8.524189
2019-11-29 06:41:23,brack,200,8.404413,0.009716,0.044820,8.362598
2019-11-29 06:41:46,brack,200,8.494363,0.022807,0.064313,8.453223
2019-11-29 06:42:10,brack,200,41.630341,0.008918,0.040101,41.579489
2019-11-29 06:43:07,brack,200,10.473156,0.018346,0.054547,10.425506
2019-11-29 06:43:32,brack,200,10.467930,0.019077,0.048224,10.410791
2019-11-29 06:43:58,brack,200,8.507398,0.021358,0.064335,8.457576
2019-11-29 06:44:21,brack,200,8.471995,0.041477,0.078186,8.421333
2019-11-29 06:44:45,brack,200,10.612501,0.010030,0.040768,10.560642
2019-11-29 06:45:10,brack,200,10.581047,0.045562,0.084578,10.536163
2019-11-29 06:45:36,brack,200,10.772256,0.009639,0.042471,10.725019
2019-11-29 06:46:02,brack,200,10.462891,0.038035,0.078194,10.411923
2019-11-29 06:46:27,brack,200,10.493671,0.009801,0.045623,10.442008
2019-11-29 06:46:53,brack,200,9.652674,0.023948,0.051367,9.609501
2019-11-29 06:47:18,brack,200,9.540853,0.034427,0.072447,9.486110
2019-11-29 06:47:42,brack,200,8.708727,0.048138,0.089906,8.651417
2019-11-29 06:48:06,brack,200,27.147859,0.011012,0.043897,27.097644
2019-11-29 06:48:48,brack,200,8.668442,0.264913,0.292621,8.626297
2019-11-29 06:49:12,brack,200,70.472126,0.046207,0.082817,70.416287
2019-11-29 06:50:37,brack,200,9.423190,0.037532,0.077875,9.379456
2019-11-29 06:51:02,brack,200,8.395906,0.008232,0.033155,8.344315
2019-11-29 06:51:25,brack,200,9.507331,0.035115,0.061383,9.463240
2019-11-29 06:51:50,brack,200,8.630931,0.010557,0.040792,8.582581
2019-11-29 06:52:13,brack,200,8.468783,0.020213,0.047345,8.403643
2019-11-29 06:52:37,brack,200,10.477214,0.037504,0.075384,10.423858
2019-11-29 06:53:02,brack,200,44.173578,0.008589,0.043278,44.122663
2019-11-29 06:54:02,brack,200,8.895951,0.083106,0.116701,8.766305
2019-11-29 06:54:26,brack,200,8.690242,0.019153,0.062065,8.636436
2019-11-29 06:54:49,brack,200,32.475994,0.045879,0.077663,32.406288
2019-11-29 06:55:37,brack,200,10.684044,0.022528,0.056443,10.625305
2019-11-29 06:56:03,brack,200,33.540562,0.017061,0.047874,33.486368
2019-11-29 06:56:51,brack,200,10.506392,0.023384,0.058998,10.458979
2019-11-29 06:57:17,brack,200,10.821127,0.038666,0.071707,10.699530
2019-11-29 06:57:43,brack,200,9.495474,0.009652,0.050463,9.409632
2019-11-29 06:58:07,brack,200,9.509910,0.041890,0.084150,9.443604
2019-11-29 06:58:32,brack,200,9.437090,0.008940,0.047283,9.379089
2019-11-29 06:58:56,brack,200,8.751134,0.036066,0.077545,8.682344
2019-11-29 06:59:20,brack,200,10.586255,0.010108,0.041586,10.508040
2019-11-29 06:59:46,brack,200,9.405973,0.037478,0.075212,9.363756
2019-11-29 07:00:10,brack,200,9.647503,0.009803,0.040011,9.585841
2019-11-29 07:00:35,brack,200,10.505167,0.021487,0.058765,10.449620
2019-11-29 07:01:00,brack,200,9.506405,0.045169,0.079869,9.452831
2019-11-29 07:01:25,brack,200,8.460692,0.009947,0.043489,8.419921
2019-11-29 07:01:48,brack,200,71.591071,0.038327,0.074783,71.522287
2019-11-29 07:03:15,brack,200,69.464658,0.015734,0.039615,69.397363
2019-11-29 07:04:40,brack,200,9.489965,0.019949,0.048672,9.419605
2019-11-29 07:05:04,brack,200,9.535621,0.042118,0.078889,9.425184
2019-11-29 07:05:29,brack,200,9.516321,0.007796,0.037147,9.450443
2019-11-29 07:05:53,brack,200,10.716920,0.044206,0.084097,10.669748
2019-11-29 07:06:19,brack,200,9.734301,0.009915,0.041204,9.636278
2019-11-29 07:06:44,brack,200,10.585263,0.018263,0.052454,10.466282
2019-11-29 07:07:09,brack,200,9.529806,0.039010,0.076597,9.484291
2019-11-29 07:07:34,brack,200,10.472745,0.010340,0.045443,10.396520
2019-11-29 07:08:00,brack,200,30.414096,0.040094,0.085040,30.349120
2019-11-29 07:08:45,brack,200,9.658064,0.025065,0.064392,9.612655
2019-11-29 07:09:10,brack,200,9.584255,0.035938,0.074014,9.515334
2019-11-29 07:09:34,brack,200,8.502464,0.009266,0.048347,8.447087
2019-11-29 07:09:58,brack,200,10.451018,0.036849,0.076395,10.406176
2019-11-29 07:10:23,brack,200,10.521412,0.014761,0.050337,10.471361
2019-11-29 07:10:49,brack,200,8.502861,0.041357,0.075279,8.442124
2019-11-29 07:11:12,brack,200,32.462004,0.009726,0.040804,32.319688
2019-11-29 07:12:00,brack,200,8.693994,0.021936,0.058821,8.639645
2019-11-29 07:12:24,brack,200,9.453481,0.013088,0.051101,9.406932
2019-11-29 07:12:48,brack,200,9.651172,0.037930,0.079240,9.613796
2019-11-29 07:13:13,brack,200,8.513255,0.010042,0.040845,8.440077
2019-11-29 07:13:36,brack,200,10.524783,0.039008,0.068590,10.477192
2019-11-29 07:14:02,brack,200,34.495123,0.011242,0.047931,34.444389
2019-11-29 07:14:52,brack,200,8.634030,0.032375,0.061538,8.579796
2019-11-29 07:15:15,brack,200,9.462663,0.013059,0.045802,9.396872
2019-11-29 07:15:40,brack,200,9.616694,0.070204,0.098074,9.580246
2019-11-29 07:16:04,brack,200,8.646798,0.012638,0.041435,8.576666
2019-11-29 07:16:28,brack,200,8.513490,0.016050,0.047560,8.470780
2019-11-29 07:16:52,brack,200,33.396557,0.017993,0.044193,33.342207
2019-11-29 07:17:40,brack,200,8.671393,0.022764,0.060707,8.614884
2019-11-29 07:18:04,brack,200,10.486626,0.022009,0.056698,10.424775
2019-11-29 07:18:29,brack,200,8.618967,0.040925,0.079461,8.571044
2019-11-29 07:18:53,brack,200,10.504367,0.008507,0.039326,10.454532
2019-11-29 07:19:19,brack,200,10.526383,0.022333,0.059626,10.478428
2019-11-29 07:19:44,brack,200,8.653633,0.018806,0.058813,8.599641
2019-11-29 07:20:08,brack,200,8.610990,0.032118,0.066569,8.536486
2019-11-29 07:20:31,brack,200,68.506578,0.045037,0.079442,68.452534
2019-11-29 07:21:55,brack,200,9.579805,0.038941,0.072104,9.496598
2019-11-29 07:22:20,brack,200,8.471701,0.010214,0.043914,8.410739
2019-11-29 07:22:43,brack,200,8.669871,0.036515,0.071538,8.588355
2019-11-29 07:23:07,brack,200,40.886388,0.015465,0.055123,40.827961
2019-11-29 07:24:03,brack,200,10.707006,0.022257,0.058657,10.612874
2019-11-29 07:24:29,brack,200,41.500057,0.018036,0.048976,41.450146
2019-11-29 07:25:25,brack,200,33.567934,0.041162,0.084166,33.500672
2019-11-29 07:26:14,brack,200,8.582334,0.039224,0.078006,8.511178
2019-11-29 07:26:37,brack,200,8.507698,0.010093,0.039817,8.460663
2019-11-29 07:27:01,brack,200,49.329252,0.034037,0.067456,49.259449
2019-11-29 07:28:05,brack,200,10.729708,0.042990,0.072583,10.682384
2019-11-29 07:28:31,brack,200,33.579155,0.008045,0.038468,33.524686
2019-11-29 07:29:20,brack,200,9.566452,0.075554,0.106747,9.531494
2019-11-29 07:29:44,brack,200,33.216013,0.012038,0.050160,33.163779
2019-11-29 07:30:32,brack,200,34.408247,0.040691,0.075508,34.334570
2019-11-29 07:31:22,brack,200,9.613812,0.039467,0.076018,9.560906
2019-11-29 07:31:47,brack,200,8.402339,0.010630,0.042740,8.345946
2019-11-29 07:32:10,brack,200,8.471724,0.045449,0.080865,8.410105
2019-11-29 07:32:34,brack,200,9.643409,0.010652,0.041589,9.575252
2019-11-29 07:32:58,brack,200,9.623631,0.036232,0.067961,9.562702
2019-11-29 07:33:23,brack,200,9.678928,0.011583,0.042818,9.642713
2019-11-29 07:33:48,brack,200,9.467616,0.037053,0.075569,9.419686
2019-11-29 07:34:12,brack,200,9.484571,0.011989,0.055736,9.427911
2019-11-29 07:34:37,brack,200,8.542697,0.045876,0.078105,8.474600
2019-11-29 07:35:00,brack,200,10.550724,0.012785,0.050062,10.403767
2019-11-29 07:35:26,brack,200,73.691695,0.041961,0.082382,73.631559
2019-11-29 07:36:55,brack,200,33.714315,0.043407,0.085826,33.664379
2019-11-29 07:37:43,brack,200,8.803113,0.023232,0.060296,8.729678
2019-11-29 07:38:07,brack,200,8.520390,0.008492,0.049903,8.473216
2019-11-29 07:38:31,brack,200,44.233653,0.045942,0.084318,44.196547
2019-11-29 07:39:30,brack,200,10.716969,0.032858,0.059086,10.631622
2019-11-29 07:39:56,brack,200,10.754153,0.008998,0.041334,10.668614
2019-11-29 07:40:22,brack,200,10.503874,0.016024,0.044030,10.433838
2019-11-29 07:40:47,brack,200,9.808441,0.015919,0.041974,9.731217
2019-11-29 07:41:12,brack,200,34.517302,0.040296,0.076042,34.473444
2019-11-29 07:42:01,brack,200,34.947378,0.022860,0.061514,34.879505
2019-11-29 07:42:51,brack,200,10.463243,0.042382,0.080483,10.415399
2019-11-29 07:43:17,brack,200,8.630444,0.009949,0.050019,8.564090
2019-11-29 07:43:41,brack,200,10.493673,0.041010,0.079035,10.423721
2019-11-29 07:44:06,brack,200,10.727575,0.010531,0.048078,10.670584
2019-11-29 07:44:32,brack,200,9.617576,0.045027,0.082359,9.560577
2019-11-29 07:44:57,brack,200,8.506381,0.009857,0.040614,8.461146
2019-11-29 07:45:20,brack,200,8.656135,0.039929,0.081604,8.605852
2019-11-29 07:45:44,brack,200,10.463338,0.009821,0.044448,10.392894
2019-11-29 07:46:09,brack,200,39.845288,0.018914,0.056035,39.781633
2019-11-29 07:47:04,brack,200,10.649584,0.041448,0.079457,10.595518
2019-11-29 07:47:30,brack,200,9.488850,0.076458,0.113147,9.415254
2019-11-29 07:47:54,brack,200,10.401807,0.008116,0.044080,10.349602
2019-11-29 07:48:20,brack,200,10.425750,0.037321,0.073981,10.375575
2019-11-29 07:48:46,brack,200,32.455411,0.010705,0.045890,32.405100
2019-11-29 07:49:33,brack,200,8.488801,0.040024,0.078170,8.433205
2019-11-29 07:49:57,brack,200,77.711483,0.010142,0.039632,77.660675
2019-11-29 07:51:29,brack,200,8.602620,0.016140,0.042428,8.525336
2019-11-29 07:51:53,brack,200,10.708711,0.037386,0.063875,10.578475
2019-11-29 07:52:19,brack,200,69.862885,0.008684,0.040225,69.746474
2019-11-29 07:53:44,brack,200,10.523613,0.018660,0.056275,10.469928
2019-11-29 07:54:09,brack,200,9.552981,0.038904,0.094099,9.488755
2019-11-29 07:54:34,brack,200,9.725160,0.010254,0.041723,9.667787
2019-11-29 07:54:59,brack,200,9.665651,0.044341,0.085364,9.580919
2019-11-29 07:55:23,brack,200,8.618625,0.009696,0.040127,8.564090
2019-11-29 07:55:47,brack,200,8.657555,0.043189,0.085645,8.522291
2019-11-29 07:56:11,brack,200,10.604765,0.008142,0.036426,10.517592
2019-11-29 07:56:36,brack,200,10.544938,0.036833,0.072862,10.476118
2019-11-29 07:57:02,brack,200,8.678669,0.009696,0.038626,8.633706
2019-11-29 07:57:26,brack,200,10.761023,0.022109,0.064943,10.705359
2019-11-29 07:57:51,brack,200,8.748959,0.046269,0.085183,8.694088
2019-11-29 07:58:15,brack,200,8.456956,0.010956,0.042493,8.407438
2019-11-29 07:58:39,brack,200,9.474525,0.036887,0.074110,9.422131
2019-11-29 07:59:03,brack,200,8.514438,0.012080,0.044739,8.471384
2019-11-29 07:59:27,brack,200,8.512361,0.043698,0.080897,8.454221
2019-11-29 07:59:50,brack,200,33.402348,0.038844,0.079915,33.333365
2019-11-29 08:00:39,brack,200,9.551752,0.021949,0.060277,9.415641
2019-11-29 08:01:03,brack,200,33.688515,0.042941,0.084390,33.619946
2019-11-29 08:01:52,brack,200,33.628976,0.044295,0.083844,33.526478
2019-11-29 08:02:41,brack,200,9.575529,0.035906,0.074835,9.492280
2019-11-29 08:03:05,brack,200,8.849240,0.008118,0.040278,8.682048
2019-11-29 08:03:29,brack,200,8.507419,0.035159,0.066123,8.447119
2019-11-29 08:03:53,brack,200,70.755052,0.013748,0.044994,70.670305
2019-11-29 08:05:19,brack,200,9.754789,0.025235,0.083998,9.691445
2019-11-29 08:05:44,brack,200,10.536486,0.038097,0.074958,10.474826
2019-11-29 08:06:09,brack,200,9.442502,0.012220,0.051551,9.380959
2019-11-29 08:06:34,brack,200,9.816177,0.046106,0.084140,9.751416
2019-11-29 08:06:59,brack,200,8.519094,0.011035,0.040365,8.460597
2019-11-29 08:07:22,brack,200,9.533523,0.044256,0.079748,9.480205
2019-11-29 08:07:47,brack,200,32.874597,0.012727,0.044036,32.794337
2019-11-29 08:08:35,brack,200,11.795647,0.035449,0.074062,11.691640
2019-11-29 08:09:01,brack,200,8.794063,0.011099,0.051944,8.729650
2019-11-29 08:09:25,brack,200,8.918095,0.039639,0.077793,8.836821
2019-11-29 08:09:49,brack,200,32.442961,0.009468,0.040096,32.389789
2019-11-29 08:10:37,brack,200,34.749005,0.021681,0.063588,34.663401
2019-11-29 08:11:27,brack,200,10.704433,0.021312,0.055882,10.635208
2019-11-29 08:11:52,brack,200,9.726013,0.039189,0.080276,9.648935
2019-11-29 08:12:17,brack,200,10.466401,0.010084,0.042791,10.391659
2019-11-29 08:12:43,brack,200,9.594207,0.042309,0.079484,9.534410
2019-11-29 08:13:07,brack,200,8.443438,0.010035,0.040533,8.383511
2019-11-29 08:13:31,brack,200,10.471206,0.032510,0.065878,10.403901
2019-11-29 08:13:56,brack,200,11.285232,0.009826,0.050990,11.213509
2019-11-29 08:14:23,brack,200,32.690317,0.044962,0.087715,32.580745
2019-11-29 08:15:10,brack,200,8.551190,0.016202,0.048152,8.480022
2019-11-29 08:15:34,brack,200,10.803450,0.032724,0.197278,10.705801
2019-11-29 08:16:00,brack,200,9.727725,0.036018,0.067825,9.672691
2019-11-29 08:16:24,brack,200,9.631846,0.007730,0.037453,9.542032
2019-11-29 08:16:49,brack,200,8.540876,0.070760,0.100635,8.462515
2019-11-29 08:17:13,brack,200,8.730939,0.008374,0.038949,8.675719
2019-11-29 08:17:36,brack,200,9.651534,0.018129,0.051176,9.569178
2019-11-29 08:18:01,brack,200,9.568662,0.017345,0.054356,9.507916
2019-11-29 08:18:26,brack,200,8.658109,0.038929,0.076802,8.601729
2019-11-29 08:18:49,brack,200,10.707594,0.008713,0.043356,10.656197
2019-11-29 08:19:15,brack,200,10.862395,0.040539,0.082404,10.727747
2019-11-29 08:19:41,brack,200,10.421924,0.010025,0.045539,10.373759
2019-11-29 08:20:07,brack,200,8.657227,0.037800,0.073780,8.581836
2019-11-29 08:20:30,brack,200,9.797683,0.010022,0.043332,9.747000
2019-11-29 08:20:55,brack,200,9.955798,0.041022,0.081255,9.836137
2019-11-29 08:21:20,brack,200,9.576056,0.036266,0.072297,9.515966
2019-11-29 08:21:45,brack,200,10.573033,0.010496,0.042141,10.519458
2019-11-29 08:22:10,brack,200,9.982552,0.021234,0.060223,9.902683
2019-11-29 08:22:35,brack,200,9.627020,0.045583,0.090600,9.565100
2019-11-29 08:23:00,brack,200,10.639121,0.012050,0.051329,10.594810
2019-11-29 08:23:26,brack,200,9.751889,0.043108,0.079564,9.647932
2019-11-29 08:23:51,brack,200,11.093602,0.012036,0.046683,11.037115
2019-11-29 08:24:17,brack,200,10.599697,0.021626,0.060845,10.553349
2019-11-29 08:24:42,brack,200,8.661580,0.022034,0.063824,8.587484
2019-11-29 08:25:06,brack,200,9.638714,0.016898,0.054831,9.491341
2019-11-29 08:25:31,brack,200,8.846946,0.017878,0.051590,8.634830
2019-11-29 08:25:55,brack,200,10.579168,0.037217,0.070382,10.528281
2019-11-29 08:26:20,brack,200,10.598717,0.012292,0.044024,10.531781
2019-11-29 08:26:46,brack,200,10.405530,0.037346,0.074869,10.358977
2019-11-29 08:27:11,brack,200,9.739885,0.010128,0.043911,9.683003
2019-11-29 08:27:36,brack,200,8.538663,0.035241,0.067073,8.493765
2019-11-29 08:28:00,brack,200,10.511635,0.074614,0.102606,10.457510
2019-11-29 08:28:25,brack,200,8.976841,0.009374,0.036906,8.643760
2019-11-29 08:28:49,brack,200,8.626380,0.016546,0.043714,8.563674
2019-11-29 08:29:13,brack,200,8.538728,0.037104,0.067231,8.472259
2019-11-29 08:29:36,brack,200,9.961815,0.010254,0.043621,9.845022
2019-11-29 08:30:02,brack,200,8.689958,0.036326,0.081567,8.638749
2019-11-29 08:30:26,brack,200,8.586668,0.009104,0.050651,8.478893
2019-11-29 08:30:49,brack,200,8.555469,0.042133,0.082489,8.505657
2019-11-29 08:31:13,brack,200,8.692303,0.008914,0.038518,8.605556
2019-11-29 08:31:37,brack,200,10.604139,0.021006,0.056191,10.540869
2019-11-29 08:32:02,brack,200,10.806996,0.043114,0.090359,10.743821
2019-11-29 08:32:28,brack,200,10.711893,0.007756,0.036788,10.605450
2019-11-29 08:32:54,brack,200,9.881043,0.041585,0.080165,9.762125
2019-11-29 08:33:19,brack,200,8.695946,0.015595,0.044753,8.613342
2019-11-29 08:33:42,brack,200,8.786037,0.044424,0.084539,8.720152
2019-11-29 08:34:06,brack,200,10.666859,0.010172,0.044402,10.541798
2019-11-29 08:34:32,brack,200,9.633207,0.043610,0.079945,9.533310
2019-11-29 08:34:57,brack,200,9.521792,0.009420,0.044283,9.461456
2019-11-29 08:35:21,brack,200,9.476938,0.042188,0.084449,9.403669
2019-11-29 08:35:46,brack,200,9.799139,0.008392,0.078171,9.730779
2019-11-29 08:36:11,brack,200,10.618291,0.045036,0.080467,10.550679
2019-11-29 08:36:36,brack,200,8.689534,0.010192,0.049317,8.600277
2019-11-29 08:37:00,brack,200,8.734912,0.040778,0.075467,8.615915
2019-11-29 08:37:24,brack,200,10.706387,0.010936,0.044315,10.642489
2019-11-29 08:37:50,brack,200,9.496265,0.023210,0.061504,9.437715
2019-11-29 08:38:14,brack,200,8.796844,0.020962,0.057185,8.510928
2019-11-29 08:38:38,brack,200,8.736911,0.044918,0.081958,8.645259
2019-11-29 08:39:02,brack,200,10.756166,0.008916,0.039712,10.639251
2019-11-29 08:39:27,brack,200,9.568411,0.035006,0.063805,9.510819
2019-11-29 08:39:52,brack,200,9.772461,0.037482,0.064477,9.711537
2019-11-29 08:40:17,brack,200,8.569572,0.008759,0.039947,8.480119
2019-11-29 08:40:41,brack,200,9.788168,0.048468,0.076863,9.702998
2019-11-29 08:41:05,brack,200,8.749477,0.013799,0.049941,8.657003
2019-11-29 08:41:29,brack,200,8.470333,0.044458,0.079815,8.393814
2019-11-29 08:41:53,brack,200,10.586701,0.008854,0.059810,10.520073
2019-11-29 08:42:18,brack,200,8.633805,0.045384,0.085830,8.586533
2019-11-29 08:42:42,brack,200,8.650571,0.010999,0.051559,8.585436
2019-11-29 08:43:06,brack,200,10.473095,0.043121,0.082953,10.431711
2019-11-29 08:43:31,brack,200,8.684630,0.015073,0.052765,8.619052
2019-11-29 08:43:55,brack,200,8.542777,0.045993,0.087704,8.475254
2019-11-29 08:44:19,brack,200,9.481032,0.010284,0.041332,9.397435
2019-11-29 08:44:43,brack,200,9.408510,0.040389,0.079581,9.344254
2019-11-29 08:45:08,brack,200,9.905783,0.082964,0.120216,9.753426
2019-11-29 08:45:33,brack,200,8.500104,0.009204,0.043394,8.459026
2019-11-29 08:45:56,brack,200,8.621302,0.043602,0.084601,8.516711
2019-11-29 08:46:20,brack,200,9.471767,0.010385,0.042895,9.401824
2019-11-29 08:46:44,brack,200,8.590521,0.022213,0.059475,8.412001
2019-11-29 08:47:08,brack,200,9.674588,0.010200,0.046759,9.595045
2019-11-29 08:47:33,brack,200,8.784978,0.036843,0.079127,8.694119
2019-11-29 08:47:56,brack,200,9.637427,0.011702,0.042409,9.563759
2019-11-29 08:48:21,brack,200,10.650468,0.044602,0.086216,10.595798
2019-11-29 08:48:47,brack,200,8.568236,0.009749,0.042100,8.525576
2019-11-29 08:49:10,brack,200,10.453019,0.041173,0.081826,10.382454
2019-11-29 08:49:36,brack,200,8.497385,0.010116,0.045383,8.459702
2019-11-29 08:50:00,brack,200,9.633177,0.042692,0.076751,9.567072
2019-11-29 08:50:24,brack,200,8.562313,0.012222,0.047976,8.396274
2019-11-29 08:50:48,brack,200,9.532867,0.042027,0.079252,9.459438
2019-11-29 08:51:12,brack,200,8.441705,0.014554,0.052549,8.374710
2019-11-29 08:51:36,brack,200,8.622192,0.072449,0.097479,8.583658
2019-11-29 08:52:00,brack,200,10.677400,0.011703,0.045847,10.560502
2019-11-29 08:52:25,brack,200,10.455362,0.037890,0.067052,10.404345
2019-11-29 08:52:51,brack,200,10.670527,0.009682,0.037888,10.617663
2019-11-29 08:53:16,brack,200,8.516761,0.016184,0.040448,8.421113
2019-11-29 08:53:40,brack,200,8.664217,0.022908,0.065209,8.576335
2019-11-29 08:54:04,brack,200,10.696026,0.020406,0.049636,10.647702
2019-11-29 08:54:29,brack,200,9.480299,0.042353,0.073620,9.431459
2019-11-29 08:54:54,brack,200,8.763989,0.011020,0.036681,8.721857
2019-11-29 08:55:18,brack,200,8.539887,0.020006,0.051831,8.462096
2019-11-29 08:55:41,brack,200,10.517133,0.022032,0.059631,10.470276
2019-11-29 08:56:07,brack,200,10.468440,0.040148,0.073895,10.394569
2019-11-29 08:56:32,brack,200,10.674681,0.010384,0.047399,10.568088
2019-11-29 08:56:58,brack,200,8.677453,0.045317,0.075951,8.636749
2019-11-29 08:57:22,brack,200,10.474842,0.013967,0.044365,10.401432
2019-11-29 08:57:47,brack,200,9.466588,0.040678,0.077932,9.411372
2019-11-29 08:58:12,brack,200,8.600007,0.044441,0.084417,8.543803
2019-11-29 08:58:36,brack,200,10.670611,0.010254,0.041304,10.601070
2019-11-29 08:59:01,brack,200,10.837448,0.040330,0.076384,10.779262
2019-11-29 08:59:27,brack,200,8.507672,0.009777,0.042072,8.449266
2019-11-29 08:59:51,brack,200,10.657968,0.040808,0.074132,10.595120
2019-11-29 09:00:16,brack,200,10.454813,0.010157,0.044590,10.395348
2019-11-29 09:00:42,brack,200,10.702623,0.041109,0.076235,10.652705
2019-11-29 09:01:08,brack,200,8.447841,0.013558,0.046866,8.417649
2019-11-29 09:01:31,brack,200,10.436741,0.041054,0.076119,10.390011
2019-11-29 09:01:57,brack,200,8.555930,0.007699,0.040792,8.507859
2019-11-29 09:02:20,brack,200,9.720888,0.039895,0.073720,9.644038
2019-11-29 09:02:45,brack,200,10.642989,0.014554,0.044196,10.599206
2019-11-29 09:03:11,brack,200,10.794956,0.073947,0.110344,10.724017
2019-11-29 09:03:36,brack,200,8.599505,0.009313,0.040600,8.531399
2019-11-29 09:04:00,brack,200,10.769832,0.041929,0.072810,10.661548
2019-11-29 09:04:26,brack,200,9.900418,0.010165,0.036698,9.724721
2019-11-29 09:04:51,brack,200,9.607932,0.037404,0.063362,9.555658
2019-11-29 09:05:15,brack,200,10.477083,0.013745,0.040441,10.397785
2019-11-29 09:05:41,brack,200,8.801245,0.044540,0.080083,8.612643
2019-11-29 09:06:05,brack,200,9.802453,0.018276,0.046221,9.595370
2019-11-29 09:06:30,brack,200,8.585725,0.018195,0.058750,8.491255
2019-11-29 09:06:53,brack,200,8.611106,0.012541,0.050726,8.573009
2019-11-29 09:07:17,brack,200,8.536830,0.038629,0.078593,8.472778
2019-11-29 09:07:41,brack,200,8.462280,0.016198,0.054054,8.412082
2019-11-29 09:08:04,brack,200,8.483683,0.040608,0.080071,8.410112
2019-11-29 09:08:28,brack,200,9.452245,0.012408,0.054579,9.390009
2019-11-29 09:08:52,brack,200,9.611260,0.037894,0.063540,9.488129
2019-11-29 09:09:17,brack,200,10.790437,0.009883,0.037482,10.532466
2019-11-29 09:09:43,brack,200,10.522260,0.021829,0.056733,10.471780
2019-11-29 09:10:08,brack,200,8.563350,0.039370,0.077360,8.487185
2019-11-29 09:10:32,brack,200,9.502059,0.008006,0.038546,9.402040
2019-11-29 09:10:56,brack,200,10.654324,0.042589,0.088938,10.596363
2019-11-29 09:11:22,brack,200,8.783779,0.012356,0.052298,8.690504
2019-11-29 09:11:46,brack,200,9.777059,0.046870,0.084596,9.732760
2019-11-29 09:12:11,brack,200,8.503122,0.009345,0.037732,8.464283
2019-11-29 09:12:34,brack,200,9.506207,0.042538,0.080837,9.412232
2019-11-29 09:12:59,brack,200,10.769716,0.009578,0.042695,10.721900
2019-11-29 09:13:25,brack,200,8.594071,0.034695,0.078871,8.547782
2019-11-29 09:13:48,brack,200,9.623013,0.010296,0.047128,9.558430
2019-11-29 09:14:13,brack,200,9.527475,0.040728,0.073753,9.476405
2019-11-29 09:14:37,brack,200,10.592342,0.010208,0.047931,10.528907
2019-11-29 09:15:03,brack,200,9.637661,0.045871,0.081184,9.577545
2019-11-29 09:15:28,brack,200,10.465284,0.013483,0.044210,10.395380
2019-11-29 09:15:53,brack,200,8.770555,0.015876,0.166594,8.703529
2019-11-29 09:16:17,brack,200,10.829236,0.041561,0.070948,10.755286
2019-11-29 09:16:43,brack,200,8.677106,0.034270,0.064864,8.570290
2019-11-29 09:17:07,brack,200,9.564706,0.008834,0.038841,9.515320
2019-11-29 09:17:31,brack,200,10.694938,0.035598,0.063530,10.624889
2019-11-29 09:17:57,brack,200,10.636675,0.020229,0.053671,10.561972
2019-11-29 09:18:23,brack,200,8.722628,0.042902,0.082668,8.676050
2019-11-29 09:18:46,brack,200,10.500434,0.009336,0.040181,10.385060
2019-11-29 09:19:12,brack,200,9.483047,0.038346,0.074669,9.440133
2019-11-29 09:19:36,brack,200,9.624592,0.011995,0.042548,9.540599
2019-11-29 09:20:01,brack,200,9.547541,0.054305,0.091769,9.484906
2019-11-29 09:20:26,brack,200,8.611519,0.010454,0.040980,8.560987
2019-11-29 09:20:49,brack,200,9.502765,0.017902,0.056652,9.438625
2019-11-29 09:21:14,brack,200,9.701857,0.042782,0.099871,9.647149
2019-11-29 09:21:39,brack,200,10.491314,0.010187,0.052503,10.430149
2019-11-29 09:22:04,brack,200,10.690485,0.040111,0.067194,10.650847
2019-11-29 09:22:30,brack,200,9.526270,0.008758,0.044744,9.470714
2019-11-29 09:22:55,brack,200,8.513128,0.043699,0.080224,8.457980
2019-11-29 09:23:18,brack,200,10.416378,0.011968,0.044050,10.355016
2019-11-29 09:23:44,brack,200,8.618201,0.035053,0.071356,8.550318
2019-11-29 09:24:07,brack,200,10.778252,0.009198,0.040852,10.736197
2019-11-29 09:24:33,brack,200,8.530216,0.034625,0.071218,8.464283
2019-11-29 09:24:57,brack,200,10.733605,0.008771,0.048922,10.412708
2019-11-29 09:25:22,brack,200,10.542870,0.047371,0.093265,10.463536
2019-11-29 09:25:48,brack,200,8.740068,0.011356,0.046094,8.463735
2019-11-29 09:26:12,brack,200,10.066108,0.040851,0.081919,9.773550
2019-11-29 09:26:37,brack,200,9.498132,0.009883,0.045241,9.444384
2019-11-29 09:27:01,brack,200,8.670758,0.043663,0.083878,8.562387
2019-11-29 09:27:25,brack,200,8.608853,0.008089,0.039025,8.530516
2019-11-29 09:27:49,brack,200,10.765208,0.016262,0.042164,10.475894
2019-11-29 09:28:15,brack,200,9.901174,0.037833,0.072324,9.738595
2019-11-29 09:28:40,brack,200,10.463280,0.035443,0.064913,10.378252
2019-11-29 09:29:05,brack,200,9.748273,0.012040,0.048313,9.656132
2019-11-29 09:29:30,brack,200,8.557934,0.016890,0.042724,8.435013
2019-11-29 09:29:53,brack,200,8.837261,0.042152,0.077359,8.731878
2019-11-29 09:30:17,brack,200,9.942053,0.009650,0.055841,9.488543
2019-11-29 09:30:42,brack,200,8.616602,0.021038,0.057601,8.416742
2019-11-29 09:31:06,brack,200,8.649453,0.010277,0.042491,8.604234
2019-11-29 09:31:30,brack,200,8.797216,0.037327,0.078096,8.655112
2019-11-29 09:31:53,brack,200,10.442841,0.010401,0.049893,10.388215
2019-11-29 09:32:19,brack,200,10.664279,0.037639,0.075615,10.597556
2019-11-29 09:32:45,brack,200,8.616268,0.010719,0.041277,8.558743
2019-11-29 09:33:08,brack,200,10.459436,0.036814,0.081284,10.397940
2019-11-29 09:33:34,brack,200,10.610589,0.089421,0.134081,10.530320
2019-11-29 09:33:59,brack,200,9.568262,0.011368,0.048480,9.470724
2019-11-29 09:34:24,brack,200,10.658944,0.042168,0.082779,10.592317
2019-11-29 09:34:50,brack,200,8.468615,0.021176,0.059346,8.399571
2019-11-29 09:35:14,brack,200,8.625042,0.011583,0.051858,8.537245
2019-11-29 09:35:37,brack,200,9.610602,0.040140,0.078086,9.522305
2019-11-29 09:36:02,brack,200,9.410075,0.010109,0.047493,9.349845
2019-11-29 09:36:26,brack,200,9.482032,0.071932,0.107870,9.433137
2019-11-29 09:36:51,brack,200,8.663618,0.008874,0.039759,8.615916
2019-11-29 09:37:15,brack,200,10.501023,0.041829,0.079877,10.440933
2019-11-29 09:37:40,brack,200,9.593870,0.018604,0.044049,9.544012
2019-11-29 09:38:05,brack,200,8.733245,0.039779,0.074911,8.659523
2019-11-29 09:38:29,brack,200,8.475931,0.011544,0.042247,8.394681
2019-11-29 09:38:52,brack,200,10.812283,0.042160,0.083294,10.743527
2019-11-29 09:39:18,brack,200,9.370349,0.010865,0.042610,9.321278
2019-11-29 09:39:42,brack,200,8.596161,0.039762,0.080242,8.490957
2019-11-29 09:40:06,brack,200,9.531484,0.036443,0.073359,9.461506
2019-11-29 09:40:31,brack,200,10.508538,0.008727,0.033658,10.355298
2019-11-29 09:40:56,brack,200,9.706329,0.016764,0.044402,9.612706
2019-11-29 09:41:21,brack,200,9.726783,0.036127,0.060596,9.633977
2019-11-29 09:41:46,brack,200,8.674066,0.008272,0.038752,8.618802
2019-11-29 09:42:09,brack,200,9.651765,0.041524,0.086833,9.446163
2019-11-29 09:42:34,brack,200,9.723055,0.010261,0.042109,9.672831
2019-11-29 09:42:59,brack,200,8.455748,0.040728,0.079620,8.386540
2019-11-29 09:43:22,brack,200,10.473259,0.008511,0.046722,10.416774
2019-11-29 09:43:48,brack,200,10.490957,0.038730,0.075812,10.428321
2019-11-29 09:44:13,brack,200,8.509991,0.011642,0.043247,8.426378
2019-11-29 09:44:37,brack,200,10.610589,0.043648,0.082147,10.436143
2019-11-29 09:45:03,brack,200,10.722194,0.013417,0.050954,10.674383
2019-11-29 09:45:28,brack,200,9.658569,0.021017,0.061201,9.593014
2019-11-29 09:45:53,brack,200,8.944856,0.011332,0.048094,8.771272
2019-11-29 09:46:17,brack,200,8.756282,0.021487,0.062445,8.618619
2019-11-29 09:46:41,brack,200,10.577048,0.039635,0.081585,10.426066
2019-11-29 09:47:06,brack,200,8.452853,0.008482,0.045777,8.379128
2019-11-29 09:47:30,brack,200,8.436023,0.037183,0.072604,8.384808
2019-11-29 09:47:53,brack,200,10.598853,0.014436,0.062167,10.504135
2019-11-29 09:48:19,brack,200,9.592180,0.042752,0.074714,9.545809
2019-11-29 09:48:44,brack,200,8.429001,0.015185,0.047733,8.372312
2019-11-29 09:49:07,brack,200,9.545823,0.043123,0.080337,9.470729
2019-11-29 09:49:32,brack,200,8.412817,0.007884,0.034266,8.364809
2019-11-29 09:49:55,brack,200,8.558500,0.044435,0.085351,8.477422
2019-11-29 09:50:19,brack,200,9.439817,0.008795,0.033745,9.376851
2019-11-29 09:50:43,brack,200,8.571549,0.044795,0.082262,8.514830
2019-11-29 09:51:07,brack,200,9.630659,0.010688,0.045328,9.578558
2019-11-29 09:51:32,brack,200,8.807296,0.043294,0.082022,8.760846
2019-11-29 09:51:55,brack,200,8.591642,0.010645,0.042637,8.513503
2019-11-29 09:52:19,brack,200,8.547442,0.033620,0.059547,8.494957
2019-11-29 09:52:43,brack,200,9.535797,0.012991,0.042731,9.464926
2019-11-29 09:53:07,brack,200,8.711779,0.034883,0.064977,8.588146
2019-11-29 09:53:31,brack,200,10.494443,0.008565,0.036402,10.419766
2019-11-29 09:53:56,brack,200,10.782831,0.040631,0.079687,10.712605
2019-11-29 09:54:22,brack,200,8.806616,0.010113,0.047922,8.703635
2019-11-29 09:54:46,brack,200,9.591092,0.042328,0.077926,9.547246
2019-11-29 09:55:11,brack,200,9.728689,0.010270,0.040644,9.653811
2019-11-29 09:55:36,brack,200,8.587907,0.042903,0.083842,8.501291
2019-11-29 09:55:59,brack,200,9.764283,0.011027,0.052352,9.723680
2019-11-29 09:56:24,brack,200,9.735543,0.038822,0.075320,9.626945
2019-11-29 09:56:49,brack,200,10.791837,0.037192,0.070381,10.742557
2019-11-29 09:57:15,brack,200,8.803357,0.037620,0.089124,8.761620
2019-11-29 09:57:38,brack,200,9.666393,0.009115,0.052245,9.580408
2019-11-29 09:58:03,brack,200,9.914871,0.020137,0.057333,9.736958
2019-11-29 09:58:28,brack,200,10.561576,0.034683,0.083554,10.461578
2019-11-29 09:58:54,brack,200,8.532262,0.036174,0.074388,8.466393
2019-11-29 09:59:17,brack,200,10.635734,0.008839,0.051725,10.570274
2019-11-29 09:59:43,brack,200,8.677973,0.034942,0.068682,8.575492
2019-11-29 10:00:07,brack,200,10.864545,0.010044,0.051297,10.742325
2019-11-29 10:00:33,brack,200,10.615450,0.034165,0.080535,10.546346
2019-11-29 10:00:58,brack,200,9.429938,0.013303,0.051497,9.382523
2019-11-29 10:01:23,brack,200,8.810367,0.038698,0.083781,8.690922
2019-11-29 10:01:47,brack,200,8.447061,0.020472,0.060306,8.391975
2019-11-29 10:02:10,brack,200,9.618681,0.037768,0.085770,9.565282
2019-11-29 10:02:35,brack,200,10.710483,0.008361,0.069291,10.603853
2019-11-29 10:03:01,brack,200,10.514412,0.016787,0.063177,10.449608
2019-11-29 10:03:26,brack,200,10.613078,0.038325,0.073791,10.463686
2019-11-29 10:03:52,brack,200,9.683468,0.016961,0.080192,9.602777
2019-11-29 10:04:17,brack,200,8.631187,0.054888,0.124323,8.558570
2019-11-29 10:04:40,brack,200,8.688237,0.009170,0.050908,8.644325
2019-11-29 10:05:04,brack,200,8.623201,0.034736,0.074695,8.550860
2019-11-29 10:05:28,brack,200,10.492699,0.014829,0.056833,10.393701
2019-11-29 10:05:53,brack,200,8.735844,0.040542,0.077191,8.594495
2019-11-29 10:09:20,brack,200,9.610521,0.074508,0.102778,8.746542
2019-11-29 10:41:55,brack,200,10.779923,0.147269,0.190371,10.736014
2019-11-29 10:42:21,brack,200,8.729359,0.033447,0.090027,8.649288
2019-11-29 10:42:44,brack,200,10.812408,0.023475,0.191737,10.703600
2019-11-29 10:43:10,brack,200,8.593184,0.042609,0.077097,8.493855
2019-11-29 10:43:34,brack,200,10.597562,0.068113,0.109436,10.428128
2019-11-29 10:44:00,brack,200,10.421929,0.008731,0.044221,10.357383
2019-11-29 10:44:25,brack,200,9.721854,0.033103,0.071624,9.671944
2019-11-29 10:44:50,brack,200,8.668560,0.022183,0.061496,8.609188
2019-11-29 10:45:14,brack,200,10.746918,0.037065,0.068654,10.696444
2019-11-29 10:45:39,brack,200,8.830501,0.014445,0.052094,8.593575
2019-11-29 10:46:03,brack,200,9.731081,0.264591,0.307220,9.679890
2019-11-29 10:46:28,brack,200,10.672424,0.017953,0.083265,10.608786
2019-11-29 10:46:54,brack,200,10.473803,0.037693,0.075075,10.413887
2019-11-29 10:47:19,brack,200,10.628373,0.011444,0.049496,10.567648
2019-11-29 10:47:45,brack,200,9.771705,0.069896,0.108532,9.699740
2019-11-29 10:48:10,brack,200,9.698123,0.009269,0.042161,9.642544
2019-11-29 10:48:34,brack,200,10.798972,0.035238,0.071928,10.707261
2019-11-29 10:49:00,brack,200,8.556799,0.008830,0.044007,8.427327
2019-11-29 10:49:24,brack,200,8.616943,0.034812,0.075842,8.548254
2019-11-29 10:49:48,brack,200,8.612564,0.008259,0.044237,8.548252
2019-11-29 10:50:11,brack,200,10.588436,0.032674,0.113938,10.491542
2019-11-29 10:50:37,brack,200,8.518281,0.009487,0.047877,8.412566
2019-11-29 10:51:01,brack,200,9.501734,0.034165,0.072172,9.427853
2019-11-29 10:51:25,brack,200,8.460186,0.009518,0.049085,8.402012
2019-11-29 10:51:49,brack,200,10.806923,0.037052,0.075812,10.622256
2019-11-29 10:52:15,brack,200,10.657534,0.106698,0.146241,10.603125
2019-11-29 10:52:40,brack,200,8.759305,0.036559,0.075645,8.681097
2019-11-29 10:53:04,brack,200,8.624239,0.011005,0.052224,8.544011
2019-11-29 10:53:28,brack,200,10.630125,0.039418,0.081292,10.542092
2019-11-29 13:02:00,brack,000,0.000091,0.000000,0.000000,0.000000
2019-11-29 13:02:15,brack,000,0.000185,0.000000,0.000000,0.000000
2019-11-29 13:02:30,brack,000,0.000067,0.000000,0.000000,0.000000
2019-11-29 13:02:45,brack,000,0.000056,0.000000,0.000000,0.000000
2019-11-29 13:03:00,brack,000,0.000097,0.000000,0.000000,0.000000
2019-11-29 13:03:15,brack,000,0.000069,0.000000,0.000000,0.000000
2019-11-29 13:03:30,brack,000,0.000060,0.000000,0.000000,0.000000
2019-11-29 13:03:45,brack,000,0.000059,0.000000,0.000000,0.000000
2019-11-29 13:04:00,brack,200,11.055601,0.128676,0.353440,10.944561
2019-11-29 13:04:27,brack,200,10.145779,0.208820,0.448684,9.961894
2019-11-29 13:04:52,brack,200,11.097024,0.091594,0.206553,10.564263
2019-11-29 13:05:18,brack,200,10.723871,0.099970,0.208820,10.595979
2019-11-29 13:05:44,brack,200,9.818098,0.038848,0.158788,9.668407
2019-11-29 13:06:09,brack,200,10.663397,0.049963,0.178781,10.559382
2019-11-29 13:06:34,brack,200,8.834780,0.104955,0.228268,8.610259
2019-11-29 13:06:58,brack,200,9.766974,0.034361,0.157135,9.618446
2019-11-29 13:07:23,brack,200,10.222775,1.568198,1.696630,10.095082
2019-11-29 13:07:48,brack,200,8.918855,0.098863,0.197871,8.802855
2019-11-29 13:08:12,brack,200,8.907384,0.045528,0.162815,8.774774
2019-11-29 13:08:36,brack,200,10.752912,0.046200,0.233558,10.587974
2019-11-29 13:09:02,brack,200,14.168605,3.574381,3.697445,14.062633
2019-11-29 13:09:31,brack,200,8.858012,0.049458,0.193408,8.711594
2019-11-29 13:09:55,brack,200,9.152935,0.099969,0.237359,8.703625
2019-11-29 13:10:19,brack,200,11.004886,0.094863,0.190082,10.864133
2019-11-29 13:10:45,brack,200,8.602191,0.029236,0.139481,8.481085
2019-11-29 13:11:09,brack,200,10.905310,0.034731,0.141860,10.764901
2019-11-29 13:11:35,brack,200,10.743172,0.091623,0.226060,10.605135
2019-11-29 13:12:01,brack,200,10.830733,0.110516,0.239942,10.566633
2019-11-29 13:12:27,brack,200,10.943202,0.059419,0.184327,10.811957
2019-11-29 13:12:53,brack,200,11.207344,0.030002,0.144919,10.683066
2019-11-29 13:13:19,brack,200,10.735905,0.119632,0.248495,10.586702
2019-11-29 13:13:45,brack,200,8.606089,0.047857,0.151263,8.464190
2019-11-29 13:14:08,brack,200,10.818089,0.097549,0.200883,10.701791
2019-11-29 13:14:34,brack,200,10.293545,0.389851,0.738777,10.158234
2019-11-29 13:15:00,brack,200,9.670078,0.039453,0.158654,9.556425
2019-11-29 13:15:24,brack,200,9.321658,0.031094,0.149327,8.818194
2019-11-29 13:15:49,brack,200,10.832886,0.092649,0.227995,10.665961
2019-11-29 13:16:15,brack,200,9.862700,0.109664,0.227623,9.709541
2019-11-29 13:16:40,brack,200,10.689832,0.097808,0.231184,10.549619
2019-11-29 13:17:05,brack,200,9.951464,0.066573,0.177975,9.789538
2019-11-29 13:17:30,brack,200,8.946067,0.097671,0.254109,8.827806
2019-11-29 13:17:54,brack,200,8.763767,0.104434,0.230626,8.621812
2019-11-29 13:18:18,brack,200,10.709447,0.026297,0.138646,10.538628
2019-11-29 13:18:44,brack,200,10.938188,0.040405,0.183007,10.776866
2019-11-29 13:19:10,brack,200,9.129903,0.103987,0.216272,8.960029
2019-11-29 13:19:34,brack,200,10.175763,0.126842,0.442976,9.937963
2019-11-29 13:19:59,brack,200,9.659489,0.095209,0.207321,9.529131
2019-11-29 13:20:24,brack,200,10.072311,0.090717,0.202493,9.658561
2019-11-29 13:20:49,brack,200,9.099664,0.049475,0.171376,8.913149
2019-11-29 13:21:13,brack,200,8.648144,0.042772,0.144249,8.531265
2019-11-29 13:21:37,brack,200,8.910339,0.101941,0.240049,8.685762
